[2024-06-17 13:58:11Z INFO HostContext] No proxy settings were found based on environmental variables (http_proxy/https_proxy/HTTP_PROXY/HTTPS_PROXY)
[2024-06-17 13:58:11Z INFO HostContext] Well known directory 'Bin': 'D:\Ynov\23-24\CI-CD\TP_github_runner\actions-runner\bin'
[2024-06-17 13:58:11Z INFO HostContext] Well known directory 'Root': 'D:\Ynov\23-24\CI-CD\TP_github_runner\actions-runner'
[2024-06-17 13:58:11Z INFO HostContext] Well known config file 'Credentials': 'D:\Ynov\23-24\CI-CD\TP_github_runner\actions-runner\.credentials'
[2024-06-17 13:58:12Z INFO HostContext] Well known directory 'Bin': 'D:\Ynov\23-24\CI-CD\TP_github_runner\actions-runner\bin'
[2024-06-17 13:58:12Z INFO HostContext] Well known directory 'Root': 'D:\Ynov\23-24\CI-CD\TP_github_runner\actions-runner'
[2024-06-17 13:58:12Z INFO HostContext] Well known config file 'Runner': 'D:\Ynov\23-24\CI-CD\TP_github_runner\actions-runner\.runner'
[2024-06-17 13:58:12Z INFO Listener] Runner is built for Windows (X64) - win-x64.
[2024-06-17 13:58:12Z INFO Listener] RuntimeInformation: Microsoft Windows 10.0.22631.
[2024-06-17 13:58:12Z INFO Listener] Version: 2.317.0
[2024-06-17 13:58:12Z INFO Listener] Commit: 6dc005ee3690a0303e0d7269b6f60295d22dcfad
[2024-06-17 13:58:12Z INFO Listener] Culture: fr-FR
[2024-06-17 13:58:12Z INFO Listener] UI Culture: fr-FR
[2024-06-17 13:58:12Z INFO HostContext] Well known directory 'Bin': 'D:\Ynov\23-24\CI-CD\TP_github_runner\actions-runner\bin'
[2024-06-17 13:58:12Z INFO HostContext] Well known directory 'Root': 'D:\Ynov\23-24\CI-CD\TP_github_runner\actions-runner'
[2024-06-17 13:58:12Z INFO Listener] Validating directory permissions for: 'D:\Ynov\23-24\CI-CD\TP_github_runner\actions-runner'
[2024-06-17 13:58:12Z INFO CommandLineParser] Parse
[2024-06-17 13:58:12Z INFO CommandLineParser] Parsing 1 args
[2024-06-17 13:58:12Z INFO CommandLineParser] parsing argument
[2024-06-17 13:58:12Z INFO CommandLineParser] HasArgs: False
[2024-06-17 13:58:12Z INFO CommandLineParser] Adding Command: run
[2024-06-17 13:58:12Z INFO Listener] Arguments parsed
[2024-06-17 13:58:12Z INFO Runner] ExecuteCommand
[2024-06-17 13:58:12Z INFO ConfigurationStore] currentAssemblyLocation: D:\Ynov\23-24\CI-CD\TP_github_runner\actions-runner\bin\Runner.Listener.dll
[2024-06-17 13:58:12Z INFO HostContext] Well known directory 'Bin': 'D:\Ynov\23-24\CI-CD\TP_github_runner\actions-runner\bin'
[2024-06-17 13:58:12Z INFO ConfigurationStore] binPath: D:\Ynov\23-24\CI-CD\TP_github_runner\actions-runner\bin
[2024-06-17 13:58:12Z INFO HostContext] Well known directory 'Bin': 'D:\Ynov\23-24\CI-CD\TP_github_runner\actions-runner\bin'
[2024-06-17 13:58:12Z INFO HostContext] Well known directory 'Root': 'D:\Ynov\23-24\CI-CD\TP_github_runner\actions-runner'
[2024-06-17 13:58:12Z INFO ConfigurationStore] RootFolder: D:\Ynov\23-24\CI-CD\TP_github_runner\actions-runner
[2024-06-17 13:58:12Z INFO HostContext] Well known directory 'Bin': 'D:\Ynov\23-24\CI-CD\TP_github_runner\actions-runner\bin'
[2024-06-17 13:58:12Z INFO HostContext] Well known directory 'Root': 'D:\Ynov\23-24\CI-CD\TP_github_runner\actions-runner'
[2024-06-17 13:58:12Z INFO HostContext] Well known config file 'Runner': 'D:\Ynov\23-24\CI-CD\TP_github_runner\actions-runner\.runner'
[2024-06-17 13:58:12Z INFO ConfigurationStore] ConfigFilePath: D:\Ynov\23-24\CI-CD\TP_github_runner\actions-runner\.runner
[2024-06-17 13:58:12Z INFO HostContext] Well known directory 'Bin': 'D:\Ynov\23-24\CI-CD\TP_github_runner\actions-runner\bin'
[2024-06-17 13:58:12Z INFO HostContext] Well known directory 'Root': 'D:\Ynov\23-24\CI-CD\TP_github_runner\actions-runner'
[2024-06-17 13:58:12Z INFO HostContext] Well known config file 'Credentials': 'D:\Ynov\23-24\CI-CD\TP_github_runner\actions-runner\.credentials'
[2024-06-17 13:58:12Z INFO ConfigurationStore] CredFilePath: D:\Ynov\23-24\CI-CD\TP_github_runner\actions-runner\.credentials
[2024-06-17 13:58:12Z INFO HostContext] Well known directory 'Bin': 'D:\Ynov\23-24\CI-CD\TP_github_runner\actions-runner\bin'
[2024-06-17 13:58:12Z INFO HostContext] Well known directory 'Root': 'D:\Ynov\23-24\CI-CD\TP_github_runner\actions-runner'
[2024-06-17 13:58:12Z INFO HostContext] Well known config file 'MigratedCredentials': 'D:\Ynov\23-24\CI-CD\TP_github_runner\actions-runner\.credentials_migrated'
[2024-06-17 13:58:12Z INFO ConfigurationStore] MigratedCredFilePath: D:\Ynov\23-24\CI-CD\TP_github_runner\actions-runner\.credentials_migrated
[2024-06-17 13:58:12Z INFO HostContext] Well known directory 'Bin': 'D:\Ynov\23-24\CI-CD\TP_github_runner\actions-runner\bin'
[2024-06-17 13:58:12Z INFO HostContext] Well known directory 'Root': 'D:\Ynov\23-24\CI-CD\TP_github_runner\actions-runner'
[2024-06-17 13:58:12Z INFO HostContext] Well known config file 'Service': 'D:\Ynov\23-24\CI-CD\TP_github_runner\actions-runner\.service'
[2024-06-17 13:58:12Z INFO ConfigurationStore] ServiceConfigFilePath: D:\Ynov\23-24\CI-CD\TP_github_runner\actions-runner\.service
[2024-06-17 13:58:12Z INFO CommandSettings] Flag 'help': 'False'
[2024-06-17 13:58:12Z INFO CommandSettings] Flag 'version': 'False'
[2024-06-17 13:58:12Z INFO CommandSettings] Flag 'commit': 'False'
[2024-06-17 13:58:12Z INFO CommandSettings] Flag 'check': 'False'
[2024-06-17 13:58:12Z INFO CommandSettings] Command 'configure': 'False'
[2024-06-17 13:58:12Z INFO CommandSettings] Command 'remove': 'False'
[2024-06-17 13:58:12Z INFO CommandSettings] Command 'warmup': 'False'
[2024-06-17 13:58:12Z INFO ConfigurationManager] LoadSettings
[2024-06-17 13:58:12Z INFO ConfigurationStore] IsConfigured()
[2024-06-17 13:58:12Z INFO ConfigurationStore] IsConfigured: True
[2024-06-17 13:58:12Z INFO ConfigurationManager] Is configured: True
[2024-06-17 13:58:12Z INFO ConfigurationStore] Read setting file: 323 chars
[2024-06-17 13:58:12Z INFO ConfigurationManager] Settings Loaded
[2024-06-17 13:58:12Z INFO ConfigurationStore] IsServiceConfigured()
[2024-06-17 13:58:12Z INFO ConfigurationStore] IsServiceConfigured: False
[2024-06-17 13:58:12Z INFO CommandSettings] Command 'run': 'True'
[2024-06-17 13:58:12Z INFO ConfigurationStore] IsConfigured()
[2024-06-17 13:58:12Z INFO ConfigurationStore] IsConfigured: True
[2024-06-17 13:58:12Z INFO ConfigurationManager] Is configured: True
[2024-06-17 13:58:12Z INFO Runner] Could not parse the argument value '' for StartupType. Defaulting to Manual
[2024-06-17 13:58:12Z INFO Runner] Set runner startup type - Manual
[2024-06-17 13:58:12Z INFO CommandSettings] Flag 'once': 'False'
[2024-06-17 13:58:12Z INFO CommandSettings] Flag 'once': 'False'
[2024-06-17 13:58:12Z INFO Runner] RunAsync
[2024-06-17 13:58:12Z INFO ConfigurationManager] LoadSettings
[2024-06-17 13:58:12Z INFO ConfigurationStore] IsConfigured()
[2024-06-17 13:58:12Z INFO ConfigurationStore] IsConfigured: True
[2024-06-17 13:58:12Z INFO ConfigurationManager] Is configured: True
[2024-06-17 13:58:12Z INFO ConfigurationManager] Settings Loaded
[2024-06-17 13:58:12Z INFO MessageListener] {
  "AgentId": 2,
  "AgentName": "tp_github_runner",
  "PoolId": 1,
  "PoolName": "Default",
  "ServerUrl": "https://pipelinesghubeus24.actions.githubusercontent.com/OgVuZ92auZmPcux8qEPs28XW3231s3gA5DI98alcwLZqvEXOM8/",
  "GitHubUrl": "https://github.com/raparisonbryan/TP_github_runners",
  "WorkFolder": "_work"
}
[2024-06-17 13:58:12Z INFO MessageListener] Loading Credentials
[2024-06-17 13:58:12Z INFO ConfigurationStore] HasCredentials()
[2024-06-17 13:58:12Z INFO ConfigurationStore] stored True
[2024-06-17 13:58:12Z INFO CredentialManager] GetCredentialProvider
[2024-06-17 13:58:12Z INFO CredentialManager] Creating type OAuth
[2024-06-17 13:58:12Z INFO CredentialManager] Creating credential type: OAuth
[2024-06-17 13:58:12Z INFO HostContext] Well known directory 'Bin': 'D:\Ynov\23-24\CI-CD\TP_github_runner\actions-runner\bin'
[2024-06-17 13:58:12Z INFO HostContext] Well known directory 'Root': 'D:\Ynov\23-24\CI-CD\TP_github_runner\actions-runner'
[2024-06-17 13:58:12Z INFO HostContext] Well known config file 'RSACredentials': 'D:\Ynov\23-24\CI-CD\TP_github_runner\actions-runner\.credentials_rsaparams'
[2024-06-17 13:58:12Z INFO RSAEncryptedFileKeyManager] Loading RSA key parameters from file D:\Ynov\23-24\CI-CD\TP_github_runner\actions-runner\.credentials_rsaparams
[2024-06-17 13:58:13Z INFO MessageListener] Attempt to create session.
[2024-06-17 13:58:13Z INFO MessageListener] Connecting to the Runner Server...
[2024-06-17 13:58:13Z INFO RunnerServer] EstablishVssConnection
[2024-06-17 13:58:13Z INFO RunnerServer] Establish connection with 100 seconds timeout.
[2024-06-17 13:58:13Z INFO GitHubActionsService] Starting operation Location.GetConnectionData
[2024-06-17 13:58:13Z INFO RunnerServer] EstablishVssConnection
[2024-06-17 13:58:13Z INFO RunnerServer] Establish connection with 60 seconds timeout.
[2024-06-17 13:58:13Z INFO GitHubActionsService] Starting operation Location.GetConnectionData
[2024-06-17 13:58:13Z INFO RunnerServer] EstablishVssConnection
[2024-06-17 13:58:13Z INFO RunnerServer] Establish connection with 60 seconds timeout.
[2024-06-17 13:58:13Z INFO GitHubActionsService] Starting operation Location.GetConnectionData
[2024-06-17 13:58:14Z INFO GitHubActionsService] Finished operation Location.GetConnectionData
[2024-06-17 13:58:14Z INFO GitHubActionsService] Finished operation Location.GetConnectionData
[2024-06-17 13:58:14Z INFO GitHubActionsService] Finished operation Location.GetConnectionData
[2024-06-17 13:58:14Z INFO MessageListener] VssConnection created
[2024-06-17 13:58:14Z INFO Terminal] WRITE LINE: 
[2024-06-17 13:58:14Z INFO Terminal] WRITE LINE: 
[2024-06-17 13:58:14Z INFO RSAEncryptedFileKeyManager] Loading RSA key parameters from file D:\Ynov\23-24\CI-CD\TP_github_runner\actions-runner\.credentials_rsaparams
[2024-06-17 13:58:14Z INFO RSAEncryptedFileKeyManager] Loading RSA key parameters from file D:\Ynov\23-24\CI-CD\TP_github_runner\actions-runner\.credentials_rsaparams
[2024-06-17 13:58:14Z INFO GitHubActionsService] AAD Correlation ID for this token request: Unknown
[2024-06-17 13:58:14Z INFO MessageListener] Session created.
[2024-06-17 13:58:14Z INFO Terminal] WRITE LINE: Current runner version: '2.317.0'
[2024-06-17 13:58:14Z INFO Terminal] WRITE LINE: 2024-06-17 13:58:14Z: Listening for Jobs
[2024-06-17 13:58:14Z INFO JobDispatcher] Set runner/worker IPC timeout to 30 seconds.
[2024-06-17 13:58:18Z INFO RSAEncryptedFileKeyManager] Loading RSA key parameters from file D:\Ynov\23-24\CI-CD\TP_github_runner\actions-runner\.credentials_rsaparams
[2024-06-17 13:58:18Z INFO MessageListener] Message '1' received from session '0a46618c-8d39-4bfb-b3ea-589af8a4a522'.
[2024-06-17 13:58:18Z INFO Runner] Received job message of length 24221 from service, with hash '219f0dffee619fc5ae3557921b36920b1d94c35996cb003ae8a4e5e479162e5e'
[2024-06-17 13:58:18Z INFO JobDispatcher] Job request 2 for plan 1db43e93-b9d6-4fc8-830c-c9212957c1e1 job ca395085-040a-526b-2ce8-bdc85f692774 received.
[2024-06-17 13:58:18Z INFO JobDispatcher] Pull OrchestrationId 1db43e93-b9d6-4fc8-830c-c9212957c1e1.build.__default from JWT claims
[2024-06-17 13:58:18Z INFO MessageListener] Received job status event. JobState: Busy
[2024-06-17 13:58:18Z INFO MessageListener] _getMessagesTokenSource is already disposed.
[2024-06-17 13:58:18Z INFO Terminal] WRITE LINE: 2024-06-17 13:58:18Z: Running job: build
[2024-06-17 13:58:18Z INFO JobDispatcher] Start renew job request 2 for job ca395085-040a-526b-2ce8-bdc85f692774.
[2024-06-17 13:58:18Z INFO JobDispatcher] Successfully renew job request 2, job is valid till 17/06/2024 14:08:19
[2024-06-17 13:58:18Z INFO HostContext] Well known directory 'Bin': 'D:\Ynov\23-24\CI-CD\TP_github_runner\actions-runner\bin'
[2024-06-17 13:58:18Z INFO ProcessInvokerWrapper] Starting process:
[2024-06-17 13:58:18Z INFO ProcessInvokerWrapper]   File name: 'D:\Ynov\23-24\CI-CD\TP_github_runner\actions-runner\bin\Runner.Worker.exe'
[2024-06-17 13:58:18Z INFO ProcessInvokerWrapper]   Arguments: 'spawnclient 2260 1832'
[2024-06-17 13:58:18Z INFO ProcessInvokerWrapper]   Working directory: 'D:\Ynov\23-24\CI-CD\TP_github_runner\actions-runner\bin'
[2024-06-17 13:58:18Z INFO ProcessInvokerWrapper]   Require exit code zero: 'False'
[2024-06-17 13:58:18Z INFO ProcessInvokerWrapper]   Encoding web name:  ; code page: ''
[2024-06-17 13:58:18Z INFO ProcessInvokerWrapper]   Force kill process on cancellation: 'True'
[2024-06-17 13:58:18Z INFO ProcessInvokerWrapper]   Redirected STDIN: 'False'
[2024-06-17 13:58:18Z INFO ProcessInvokerWrapper]   Persist current code page: 'False'
[2024-06-17 13:58:18Z INFO ProcessInvokerWrapper]   Keep redirected STDIN open: 'False'
[2024-06-17 13:58:18Z INFO ProcessInvokerWrapper]   High priority process: 'True'
[2024-06-17 13:58:18Z INFO ProcessInvokerWrapper] Process started with process id 10120, waiting for process exit.
[2024-06-17 13:58:18Z INFO JobDispatcher] Send job request message to worker for job ca395085-040a-526b-2ce8-bdc85f692774.
[2024-06-17 13:58:18Z INFO ProcessChannel] Sending message of length 24221, with hash '219f0dffee619fc5ae3557921b36920b1d94c35996cb003ae8a4e5e479162e5e'
[2024-06-17 13:58:19Z INFO JobNotification] Entering JobStarted Notification
[2024-06-17 13:58:19Z INFO JobNotification] Entering StartMonitor
[2024-06-17 13:59:18Z INFO JobDispatcher] Successfully renew job request 2, job is valid till 17/06/2024 14:09:19
[2024-06-17 13:59:51Z INFO ProcessInvokerWrapper] STDOUT/STDERR stream read finished.
[2024-06-17 13:59:51Z INFO ProcessInvokerWrapper] STDOUT/STDERR stream read finished.
[2024-06-17 13:59:51Z INFO ProcessInvokerWrapper] Finished process 10120 with exit code 102, and elapsed time 00:01:32.5593047.
[2024-06-17 13:59:51Z INFO JobDispatcher] Worker finished for job ca395085-040a-526b-2ce8-bdc85f692774. Code: 102
[2024-06-17 13:59:51Z INFO JobDispatcher] finish job request for job ca395085-040a-526b-2ce8-bdc85f692774 with result: Failed
[2024-06-17 13:59:51Z INFO Terminal] WRITE LINE: 2024-06-17 13:59:51Z: Job build completed with result: Failed
[2024-06-17 13:59:51Z INFO JobDispatcher] Stop renew job request for job ca395085-040a-526b-2ce8-bdc85f692774.
[2024-06-17 13:59:51Z INFO JobDispatcher] job renew has been cancelled, stop renew job request 2.
[2024-06-17 13:59:51Z INFO JobNotification] Entering JobCompleted Notification
[2024-06-17 13:59:51Z INFO JobNotification] Entering EndMonitor
[2024-06-17 13:59:51Z INFO MessageListener] Received job status event. JobState: Online
[2024-06-17 13:59:51Z WARN GitHubActionsService] GET request to https://pipelinesghubeus24.actions.githubusercontent.com/OgVuZ92auZmPcux8qEPs28XW3231s3gA5DI98alcwLZqvEXOM8/_apis/distributedtask/pools/1/messages?sessionId=0a46618c-8d39-4bfb-b3ea-589af8a4a522&lastMessageId=1&status=Busy&runnerVersion=2.317.0&os=Windows&architecture=X64&disableUpdate=false has been cancelled.
[2024-06-17 13:59:51Z INFO MessageListener] Get messages has been cancelled using local token source. Continue to get messages with new status.
