[2024-06-17 12:10:48Z INFO HostContext] No proxy settings were found based on environmental variables (http_proxy/https_proxy/HTTP_PROXY/HTTPS_PROXY)
[2024-06-17 12:10:48Z INFO HostContext] Well known directory 'Bin': 'D:\Ynov\23-24\CI-CD\TP_github_runner\actions-runner\bin'
[2024-06-17 12:10:48Z INFO HostContext] Well known directory 'Root': 'D:\Ynov\23-24\CI-CD\TP_github_runner\actions-runner'
[2024-06-17 12:10:48Z INFO HostContext] Well known config file 'Credentials': 'D:\Ynov\23-24\CI-CD\TP_github_runner\actions-runner\.credentials'
[2024-06-17 12:10:48Z INFO HostContext] Well known directory 'Bin': 'D:\Ynov\23-24\CI-CD\TP_github_runner\actions-runner\bin'
[2024-06-17 12:10:48Z INFO HostContext] Well known directory 'Root': 'D:\Ynov\23-24\CI-CD\TP_github_runner\actions-runner'
[2024-06-17 12:10:48Z INFO HostContext] Well known config file 'Runner': 'D:\Ynov\23-24\CI-CD\TP_github_runner\actions-runner\.runner'
[2024-06-17 12:10:48Z INFO Listener] Runner is built for Windows (X64) - win-x64.
[2024-06-17 12:10:48Z INFO Listener] RuntimeInformation: Microsoft Windows 10.0.22631.
[2024-06-17 12:10:48Z INFO Listener] Version: 2.317.0
[2024-06-17 12:10:48Z INFO Listener] Commit: 6dc005ee3690a0303e0d7269b6f60295d22dcfad
[2024-06-17 12:10:48Z INFO Listener] Culture: fr-FR
[2024-06-17 12:10:48Z INFO Listener] UI Culture: fr-FR
[2024-06-17 12:10:48Z INFO HostContext] Well known directory 'Bin': 'D:\Ynov\23-24\CI-CD\TP_github_runner\actions-runner\bin'
[2024-06-17 12:10:48Z INFO HostContext] Well known directory 'Root': 'D:\Ynov\23-24\CI-CD\TP_github_runner\actions-runner'
[2024-06-17 12:10:48Z INFO Listener] Validating directory permissions for: 'D:\Ynov\23-24\CI-CD\TP_github_runner\actions-runner'
[2024-06-17 12:10:48Z INFO CommandLineParser] Parse
[2024-06-17 12:10:48Z INFO CommandLineParser] Parsing 5 args
[2024-06-17 12:10:48Z INFO CommandLineParser] parsing argument
[2024-06-17 12:10:48Z INFO CommandLineParser] HasArgs: False
[2024-06-17 12:10:48Z INFO CommandLineParser] Adding Command: configure
[2024-06-17 12:10:48Z INFO CommandLineParser] parsing argument
[2024-06-17 12:10:48Z INFO CommandLineParser] HasArgs: True
[2024-06-17 12:10:48Z INFO CommandLineParser] arg: url
[2024-06-17 12:10:48Z INFO CommandLineParser] parsing argument
[2024-06-17 12:10:48Z INFO CommandLineParser] HasArgs: True
[2024-06-17 12:10:48Z INFO CommandLineParser] Adding option 'url': 'https://github.com/raparisonbryan/TP_github_runners'
[2024-06-17 12:10:48Z INFO CommandLineParser] parsing argument
[2024-06-17 12:10:48Z INFO CommandLineParser] HasArgs: True
[2024-06-17 12:10:48Z INFO CommandLineParser] arg: token
[2024-06-17 12:10:48Z INFO CommandLineParser] parsing argument
[2024-06-17 12:10:48Z INFO CommandLineParser] HasArgs: True
[2024-06-17 12:10:48Z INFO CommandLineParser] Adding option 'token': '***'
[2024-06-17 12:10:48Z INFO Listener] Arguments parsed
[2024-06-17 12:10:48Z INFO Runner] ExecuteCommand
[2024-06-17 12:10:48Z INFO ConfigurationStore] currentAssemblyLocation: D:\Ynov\23-24\CI-CD\TP_github_runner\actions-runner\bin\Runner.Listener.dll
[2024-06-17 12:10:48Z INFO HostContext] Well known directory 'Bin': 'D:\Ynov\23-24\CI-CD\TP_github_runner\actions-runner\bin'
[2024-06-17 12:10:48Z INFO ConfigurationStore] binPath: D:\Ynov\23-24\CI-CD\TP_github_runner\actions-runner\bin
[2024-06-17 12:10:48Z INFO HostContext] Well known directory 'Bin': 'D:\Ynov\23-24\CI-CD\TP_github_runner\actions-runner\bin'
[2024-06-17 12:10:48Z INFO HostContext] Well known directory 'Root': 'D:\Ynov\23-24\CI-CD\TP_github_runner\actions-runner'
[2024-06-17 12:10:48Z INFO ConfigurationStore] RootFolder: D:\Ynov\23-24\CI-CD\TP_github_runner\actions-runner
[2024-06-17 12:10:48Z INFO HostContext] Well known directory 'Bin': 'D:\Ynov\23-24\CI-CD\TP_github_runner\actions-runner\bin'
[2024-06-17 12:10:48Z INFO HostContext] Well known directory 'Root': 'D:\Ynov\23-24\CI-CD\TP_github_runner\actions-runner'
[2024-06-17 12:10:48Z INFO HostContext] Well known config file 'Runner': 'D:\Ynov\23-24\CI-CD\TP_github_runner\actions-runner\.runner'
[2024-06-17 12:10:48Z INFO ConfigurationStore] ConfigFilePath: D:\Ynov\23-24\CI-CD\TP_github_runner\actions-runner\.runner
[2024-06-17 12:10:48Z INFO HostContext] Well known directory 'Bin': 'D:\Ynov\23-24\CI-CD\TP_github_runner\actions-runner\bin'
[2024-06-17 12:10:48Z INFO HostContext] Well known directory 'Root': 'D:\Ynov\23-24\CI-CD\TP_github_runner\actions-runner'
[2024-06-17 12:10:48Z INFO HostContext] Well known config file 'Credentials': 'D:\Ynov\23-24\CI-CD\TP_github_runner\actions-runner\.credentials'
[2024-06-17 12:10:48Z INFO ConfigurationStore] CredFilePath: D:\Ynov\23-24\CI-CD\TP_github_runner\actions-runner\.credentials
[2024-06-17 12:10:48Z INFO HostContext] Well known directory 'Bin': 'D:\Ynov\23-24\CI-CD\TP_github_runner\actions-runner\bin'
[2024-06-17 12:10:48Z INFO HostContext] Well known directory 'Root': 'D:\Ynov\23-24\CI-CD\TP_github_runner\actions-runner'
[2024-06-17 12:10:48Z INFO HostContext] Well known config file 'MigratedCredentials': 'D:\Ynov\23-24\CI-CD\TP_github_runner\actions-runner\.credentials_migrated'
[2024-06-17 12:10:48Z INFO ConfigurationStore] MigratedCredFilePath: D:\Ynov\23-24\CI-CD\TP_github_runner\actions-runner\.credentials_migrated
[2024-06-17 12:10:48Z INFO HostContext] Well known directory 'Bin': 'D:\Ynov\23-24\CI-CD\TP_github_runner\actions-runner\bin'
[2024-06-17 12:10:48Z INFO HostContext] Well known directory 'Root': 'D:\Ynov\23-24\CI-CD\TP_github_runner\actions-runner'
[2024-06-17 12:10:48Z INFO HostContext] Well known config file 'Service': 'D:\Ynov\23-24\CI-CD\TP_github_runner\actions-runner\.service'
[2024-06-17 12:10:48Z INFO ConfigurationStore] ServiceConfigFilePath: D:\Ynov\23-24\CI-CD\TP_github_runner\actions-runner\.service
[2024-06-17 12:10:48Z INFO CommandSettings] Flag 'help': 'False'
[2024-06-17 12:10:48Z INFO CommandSettings] Flag 'version': 'False'
[2024-06-17 12:10:48Z INFO CommandSettings] Flag 'commit': 'False'
[2024-06-17 12:10:48Z INFO CommandSettings] Flag 'check': 'False'
[2024-06-17 12:10:48Z INFO CommandSettings] Command 'configure': 'True'
[2024-06-17 12:10:48Z INFO Terminal] WRITE LINE: 
[2024-06-17 12:10:48Z INFO Terminal] WRITE LINE: --------------------------------------------------------------------------------
[2024-06-17 12:10:48Z INFO Terminal] WRITE LINE: |        ____ _ _   _   _       _          _        _   _                      |
[2024-06-17 12:10:48Z INFO Terminal] WRITE LINE: |       / ___(_) |_| | | |_   _| |__      / \   ___| |_(_) ___  _ __  ___      |
[2024-06-17 12:10:48Z INFO Terminal] WRITE LINE: |      | |  _| | __| |_| | | | | '_ \    / _ \ / __| __| |/ _ \| '_ \/ __|     |
[2024-06-17 12:10:48Z INFO Terminal] WRITE LINE: |      | |_| | | |_|  _  | |_| | |_) |  / ___ \ (__| |_| | (_) | | | \__ \     |
[2024-06-17 12:10:48Z INFO Terminal] WRITE LINE: |       \____|_|\__|_| |_|\__,_|_.__/  /_/   \_\___|\__|_|\___/|_| |_|___/     |
[2024-06-17 12:10:48Z INFO Terminal] WRITE LINE: |                                                                              |
[2024-06-17 12:10:48Z INFO Terminal] WRITE: |                       
[2024-06-17 12:10:48Z INFO Terminal] WRITE: Self-hosted runner registration
[2024-06-17 12:10:48Z INFO Terminal] WRITE LINE:                         |
[2024-06-17 12:10:48Z INFO Terminal] WRITE LINE: |                                                                              |
[2024-06-17 12:10:48Z INFO Terminal] WRITE LINE: --------------------------------------------------------------------------------
[2024-06-17 12:10:48Z INFO ConfigurationManager] ConfigureAsync
[2024-06-17 12:10:48Z INFO CommandSettings] Flag 'generateServiceConfig': 'False'
[2024-06-17 12:10:48Z INFO ConfigurationStore] IsConfigured()
[2024-06-17 12:10:48Z INFO ConfigurationStore] IsConfigured: False
[2024-06-17 12:10:48Z INFO ConfigurationManager] Is configured: False
[2024-06-17 12:10:48Z INFO CommandSettings] Arg 'url': 'https://github.com/raparisonbryan/TP_github_runners'
[2024-06-17 12:10:48Z INFO CommandSettings] Remove url from Arg dictionary.
[2024-06-17 12:10:48Z INFO CommandSettings] Arg 'token': '***'
[2024-06-17 12:10:48Z INFO CommandSettings] Remove token from Arg dictionary.
[2024-06-17 12:10:49Z INFO ConfigurationManager] Http response code: OK from 'POST https://api.github.com/actions/runner-registration' (B93B:3E2E9D:F128264:F2F4EA6:667027CA)
[2024-06-17 12:10:49Z INFO ConfigurationManager] Using V2 flow: False
[2024-06-17 12:10:49Z INFO ConfigurationManager] cred retrieved via GitHub auth
[2024-06-17 12:10:49Z INFO RunnerServer] EstablishVssConnection
[2024-06-17 12:10:49Z INFO RunnerServer] Establish connection with 100 seconds timeout.
[2024-06-17 12:10:50Z INFO GitHubActionsService] Starting operation Location.GetConnectionData
[2024-06-17 12:10:50Z INFO RunnerServer] EstablishVssConnection
[2024-06-17 12:10:50Z INFO RunnerServer] Establish connection with 60 seconds timeout.
[2024-06-17 12:10:50Z INFO GitHubActionsService] Starting operation Location.GetConnectionData
[2024-06-17 12:10:50Z INFO RunnerServer] EstablishVssConnection
[2024-06-17 12:10:50Z INFO RunnerServer] Establish connection with 60 seconds timeout.
[2024-06-17 12:10:50Z INFO GitHubActionsService] Starting operation Location.GetConnectionData
[2024-06-17 12:10:50Z INFO GitHubActionsService] Finished operation Location.GetConnectionData
[2024-06-17 12:10:50Z INFO GitHubActionsService] Finished operation Location.GetConnectionData
[2024-06-17 12:10:50Z INFO GitHubActionsService] Finished operation Location.GetConnectionData
[2024-06-17 12:10:50Z INFO Terminal] WRITE LINE: 
[2024-06-17 12:10:50Z INFO ConfigurationManager] Test Connection complete.
[2024-06-17 12:10:50Z INFO HostContext] Well known directory 'Bin': 'D:\Ynov\23-24\CI-CD\TP_github_runner\actions-runner\bin'
[2024-06-17 12:10:50Z INFO HostContext] Well known directory 'Root': 'D:\Ynov\23-24\CI-CD\TP_github_runner\actions-runner'
[2024-06-17 12:10:50Z INFO HostContext] Well known config file 'RSACredentials': 'D:\Ynov\23-24\CI-CD\TP_github_runner\actions-runner\.credentials_rsaparams'
[2024-06-17 12:10:50Z INFO RSAEncryptedFileKeyManager] Creating new RSA key using 2048-bit key length
[2024-06-17 12:10:51Z INFO RSAEncryptedFileKeyManager] Successfully saved RSA key parameters to file D:\Ynov\23-24\CI-CD\TP_github_runner\actions-runner\.credentials_rsaparams
[2024-06-17 12:10:51Z INFO CommandSettings] Arg 'runnergroup': ''
[2024-06-17 12:10:51Z INFO CommandSettings] Flag 'unattended': 'False'
[2024-06-17 12:10:51Z INFO PromptManager] ReadValue
[2024-06-17 12:10:51Z INFO Terminal] WRITE: Enter the name of the runner group to add this runner to: 
[2024-06-17 12:10:51Z INFO Terminal] WRITE: [press Enter for Default] 
[2024-06-17 12:10:51Z INFO Terminal] READ LINE
[2024-06-17 12:10:57Z INFO Terminal] Read value: ''
[2024-06-17 12:10:57Z INFO PromptManager] Falling back to the default: 'Default'
[2024-06-17 12:10:57Z INFO Terminal] WRITE LINE: 
[2024-06-17 12:10:57Z INFO ConfigurationManager] Found a self-hosted runner group with id 1 and name Default
[2024-06-17 12:10:57Z INFO CommandSettings] Flag 'disableupdate': 'False'
[2024-06-17 12:10:57Z INFO CommandSettings] Flag 'ephemeral': 'False'
[2024-06-17 12:10:57Z INFO CommandSettings] Arg 'name': ''
[2024-06-17 12:10:57Z INFO CommandSettings] Flag 'unattended': 'False'
[2024-06-17 12:10:57Z INFO PromptManager] ReadValue
[2024-06-17 12:10:57Z INFO Terminal] WRITE: Enter the name of runner: 
[2024-06-17 12:10:57Z INFO Terminal] WRITE: [press Enter for MATEBOOK-DU-MAI] 
[2024-06-17 12:10:57Z INFO Terminal] READ LINE
[2024-06-17 12:11:10Z INFO Terminal] Read value: 'tp_github_runner'
[2024-06-17 12:11:10Z INFO Terminal] WRITE LINE: 
[2024-06-17 12:11:10Z INFO CommandSettings] Arg 'labels': ''
[2024-06-17 12:11:10Z INFO CommandSettings] Flag 'unattended': 'False'
[2024-06-17 12:11:10Z INFO PromptManager] ReadValue
[2024-06-17 12:11:10Z INFO Terminal] WRITE: This runner will have the following labels: 'self-hosted', 'Windows', 'X64' 
Enter any additional labels (ex. label-1,label-2): 
[2024-06-17 12:11:10Z INFO Terminal] WRITE: [press Enter to skip] 
[2024-06-17 12:11:10Z INFO Terminal] READ LINE
[2024-06-17 12:11:14Z INFO Terminal] Read value: ''
[2024-06-17 12:11:14Z INFO Terminal] WRITE LINE: 
[2024-06-17 12:11:14Z INFO CommandSettings] Flag 'disableupdate': 'False'
[2024-06-17 12:11:14Z INFO CommandSettings] Flag 'no-default-labels': 'False'
[2024-06-17 12:11:14Z INFO CommandSettings] Flag 'disableupdate': 'False'
[2024-06-17 12:11:14Z INFO CommandSettings] Flag 'ephemeral': 'False'
[2024-06-17 12:11:14Z INFO ConfigurationStore] Saving OAuth credential @ D:\Ynov\23-24\CI-CD\TP_github_runner\actions-runner\.credentials
[2024-06-17 12:11:14Z INFO ConfigurationStore] Credentials Saved.
[2024-06-17 12:11:14Z INFO ConfigurationStore] HasCredentials()
[2024-06-17 12:11:14Z INFO ConfigurationStore] stored True
[2024-06-17 12:11:14Z INFO CredentialManager] GetCredentialProvider
[2024-06-17 12:11:14Z INFO CredentialManager] Creating type OAuth
[2024-06-17 12:11:14Z INFO CredentialManager] Creating credential type: OAuth
[2024-06-17 12:11:14Z INFO RSAEncryptedFileKeyManager] Loading RSA key parameters from file D:\Ynov\23-24\CI-CD\TP_github_runner\actions-runner\.credentials_rsaparams
[2024-06-17 12:11:14Z INFO RunnerServer] EstablishVssConnection
[2024-06-17 12:11:14Z INFO RunnerServer] Establish connection with 100 seconds timeout.
[2024-06-17 12:11:14Z INFO GitHubActionsService] Starting operation Location.GetConnectionData
[2024-06-17 12:11:14Z INFO RunnerServer] EstablishVssConnection
[2024-06-17 12:11:14Z INFO RunnerServer] Establish connection with 60 seconds timeout.
[2024-06-17 12:11:14Z INFO GitHubActionsService] Starting operation Location.GetConnectionData
[2024-06-17 12:11:14Z INFO RunnerServer] EstablishVssConnection
[2024-06-17 12:11:14Z INFO RunnerServer] Establish connection with 60 seconds timeout.
[2024-06-17 12:11:14Z INFO GitHubActionsService] Starting operation Location.GetConnectionData
[2024-06-17 12:11:15Z INFO GitHubActionsService] Finished operation Location.GetConnectionData
[2024-06-17 12:11:15Z INFO GitHubActionsService] Finished operation Location.GetConnectionData
[2024-06-17 12:11:15Z INFO GitHubActionsService] Finished operation Location.GetConnectionData
[2024-06-17 12:11:15Z INFO RSAEncryptedFileKeyManager] Loading RSA key parameters from file D:\Ynov\23-24\CI-CD\TP_github_runner\actions-runner\.credentials_rsaparams
[2024-06-17 12:11:15Z INFO RSAEncryptedFileKeyManager] Loading RSA key parameters from file D:\Ynov\23-24\CI-CD\TP_github_runner\actions-runner\.credentials_rsaparams
[2024-06-17 12:11:15Z INFO GitHubActionsService] AAD Correlation ID for this token request: Unknown
[2024-06-17 12:11:15Z INFO CommandSettings] Arg 'work': ''
[2024-06-17 12:11:15Z INFO CommandSettings] Flag 'unattended': 'False'
[2024-06-17 12:11:15Z INFO PromptManager] ReadValue
[2024-06-17 12:11:15Z INFO Terminal] WRITE: Enter name of work folder: 
[2024-06-17 12:11:15Z INFO Terminal] WRITE: [press Enter for _work] 
[2024-06-17 12:11:15Z INFO Terminal] READ LINE
[2024-06-17 12:11:20Z INFO Terminal] Read value: ''
[2024-06-17 12:11:20Z INFO PromptManager] Falling back to the default: '_work'
[2024-06-17 12:11:20Z INFO ConfigurationStore] Saving runner settings.
[2024-06-17 12:11:20Z INFO ConfigurationStore] Settings Saved.
[2024-06-17 12:11:20Z INFO Terminal] WRITE LINE: 
[2024-06-17 12:11:20Z INFO Terminal] WRITE LINE: 
[2024-06-17 12:11:20Z INFO CommandSettings] Flag 'runasservice': 'False'
[2024-06-17 12:11:20Z INFO CommandSettings] Flag 'unattended': 'False'
[2024-06-17 12:11:20Z INFO PromptManager] ReadValue
[2024-06-17 12:11:20Z INFO Terminal] WRITE: Would you like to run the runner as service? (Y/N) 
[2024-06-17 12:11:20Z INFO Terminal] WRITE: [press Enter for N] 
[2024-06-17 12:11:20Z INFO Terminal] READ LINE
[2024-06-17 12:11:28Z INFO Terminal] Read value: ''
[2024-06-17 12:11:28Z INFO PromptManager] Falling back to the default: 'N'
[2024-06-17 12:11:28Z INFO Listener] Runner execution has finished with return code 0
