[2024-06-17 15:22:59Z INFO HostContext] No proxy settings were found based on environmental variables (http_proxy/https_proxy/HTTP_PROXY/HTTPS_PROXY)
[2024-06-17 15:22:59Z INFO HostContext] Well known directory 'Bin': 'D:\Ynov\23-24\CI-CD\TP_github_runner\actions-runner\bin'
[2024-06-17 15:22:59Z INFO HostContext] Well known directory 'Root': 'D:\Ynov\23-24\CI-CD\TP_github_runner\actions-runner'
[2024-06-17 15:22:59Z INFO HostContext] Well known config file 'Credentials': 'D:\Ynov\23-24\CI-CD\TP_github_runner\actions-runner\.credentials'
[2024-06-17 15:22:59Z INFO HostContext] Well known directory 'Bin': 'D:\Ynov\23-24\CI-CD\TP_github_runner\actions-runner\bin'
[2024-06-17 15:22:59Z INFO HostContext] Well known directory 'Root': 'D:\Ynov\23-24\CI-CD\TP_github_runner\actions-runner'
[2024-06-17 15:22:59Z INFO HostContext] Well known config file 'Runner': 'D:\Ynov\23-24\CI-CD\TP_github_runner\actions-runner\.runner'
[2024-06-17 15:22:59Z INFO Listener] Runner is built for Windows (X64) - win-x64.
[2024-06-17 15:22:59Z INFO Listener] RuntimeInformation: Microsoft Windows 10.0.22631.
[2024-06-17 15:22:59Z INFO Listener] Version: 2.317.0
[2024-06-17 15:22:59Z INFO Listener] Commit: 6dc005ee3690a0303e0d7269b6f60295d22dcfad
[2024-06-17 15:22:59Z INFO Listener] Culture: fr-FR
[2024-06-17 15:22:59Z INFO Listener] UI Culture: fr-FR
[2024-06-17 15:22:59Z INFO HostContext] Well known directory 'Bin': 'D:\Ynov\23-24\CI-CD\TP_github_runner\actions-runner\bin'
[2024-06-17 15:22:59Z INFO HostContext] Well known directory 'Root': 'D:\Ynov\23-24\CI-CD\TP_github_runner\actions-runner'
[2024-06-17 15:22:59Z INFO Listener] Validating directory permissions for: 'D:\Ynov\23-24\CI-CD\TP_github_runner\actions-runner'
[2024-06-17 15:22:59Z INFO CommandLineParser] Parse
[2024-06-17 15:22:59Z INFO CommandLineParser] Parsing 1 args
[2024-06-17 15:22:59Z INFO CommandLineParser] parsing argument
[2024-06-17 15:22:59Z INFO CommandLineParser] HasArgs: False
[2024-06-17 15:22:59Z INFO CommandLineParser] Adding Command: run
[2024-06-17 15:22:59Z INFO Listener] Arguments parsed
[2024-06-17 15:22:59Z INFO Runner] ExecuteCommand
[2024-06-17 15:22:59Z INFO ConfigurationStore] currentAssemblyLocation: D:\Ynov\23-24\CI-CD\TP_github_runner\actions-runner\bin\Runner.Listener.dll
[2024-06-17 15:22:59Z INFO HostContext] Well known directory 'Bin': 'D:\Ynov\23-24\CI-CD\TP_github_runner\actions-runner\bin'
[2024-06-17 15:22:59Z INFO ConfigurationStore] binPath: D:\Ynov\23-24\CI-CD\TP_github_runner\actions-runner\bin
[2024-06-17 15:22:59Z INFO HostContext] Well known directory 'Bin': 'D:\Ynov\23-24\CI-CD\TP_github_runner\actions-runner\bin'
[2024-06-17 15:22:59Z INFO HostContext] Well known directory 'Root': 'D:\Ynov\23-24\CI-CD\TP_github_runner\actions-runner'
[2024-06-17 15:22:59Z INFO ConfigurationStore] RootFolder: D:\Ynov\23-24\CI-CD\TP_github_runner\actions-runner
[2024-06-17 15:22:59Z INFO HostContext] Well known directory 'Bin': 'D:\Ynov\23-24\CI-CD\TP_github_runner\actions-runner\bin'
[2024-06-17 15:22:59Z INFO HostContext] Well known directory 'Root': 'D:\Ynov\23-24\CI-CD\TP_github_runner\actions-runner'
[2024-06-17 15:22:59Z INFO HostContext] Well known config file 'Runner': 'D:\Ynov\23-24\CI-CD\TP_github_runner\actions-runner\.runner'
[2024-06-17 15:22:59Z INFO ConfigurationStore] ConfigFilePath: D:\Ynov\23-24\CI-CD\TP_github_runner\actions-runner\.runner
[2024-06-17 15:22:59Z INFO HostContext] Well known directory 'Bin': 'D:\Ynov\23-24\CI-CD\TP_github_runner\actions-runner\bin'
[2024-06-17 15:22:59Z INFO HostContext] Well known directory 'Root': 'D:\Ynov\23-24\CI-CD\TP_github_runner\actions-runner'
[2024-06-17 15:22:59Z INFO HostContext] Well known config file 'Credentials': 'D:\Ynov\23-24\CI-CD\TP_github_runner\actions-runner\.credentials'
[2024-06-17 15:22:59Z INFO ConfigurationStore] CredFilePath: D:\Ynov\23-24\CI-CD\TP_github_runner\actions-runner\.credentials
[2024-06-17 15:22:59Z INFO HostContext] Well known directory 'Bin': 'D:\Ynov\23-24\CI-CD\TP_github_runner\actions-runner\bin'
[2024-06-17 15:22:59Z INFO HostContext] Well known directory 'Root': 'D:\Ynov\23-24\CI-CD\TP_github_runner\actions-runner'
[2024-06-17 15:22:59Z INFO HostContext] Well known config file 'MigratedCredentials': 'D:\Ynov\23-24\CI-CD\TP_github_runner\actions-runner\.credentials_migrated'
[2024-06-17 15:22:59Z INFO ConfigurationStore] MigratedCredFilePath: D:\Ynov\23-24\CI-CD\TP_github_runner\actions-runner\.credentials_migrated
[2024-06-17 15:22:59Z INFO HostContext] Well known directory 'Bin': 'D:\Ynov\23-24\CI-CD\TP_github_runner\actions-runner\bin'
[2024-06-17 15:22:59Z INFO HostContext] Well known directory 'Root': 'D:\Ynov\23-24\CI-CD\TP_github_runner\actions-runner'
[2024-06-17 15:22:59Z INFO HostContext] Well known config file 'Service': 'D:\Ynov\23-24\CI-CD\TP_github_runner\actions-runner\.service'
[2024-06-17 15:22:59Z INFO ConfigurationStore] ServiceConfigFilePath: D:\Ynov\23-24\CI-CD\TP_github_runner\actions-runner\.service
[2024-06-17 15:22:59Z INFO CommandSettings] Flag 'help': 'False'
[2024-06-17 15:22:59Z INFO CommandSettings] Flag 'version': 'False'
[2024-06-17 15:22:59Z INFO CommandSettings] Flag 'commit': 'False'
[2024-06-17 15:22:59Z INFO CommandSettings] Flag 'check': 'False'
[2024-06-17 15:22:59Z INFO CommandSettings] Command 'configure': 'False'
[2024-06-17 15:22:59Z INFO CommandSettings] Command 'remove': 'False'
[2024-06-17 15:22:59Z INFO CommandSettings] Command 'warmup': 'False'
[2024-06-17 15:22:59Z INFO ConfigurationManager] LoadSettings
[2024-06-17 15:22:59Z INFO ConfigurationStore] IsConfigured()
[2024-06-17 15:22:59Z INFO ConfigurationStore] IsConfigured: True
[2024-06-17 15:22:59Z INFO ConfigurationManager] Is configured: True
[2024-06-17 15:22:59Z INFO ConfigurationStore] Read setting file: 323 chars
[2024-06-17 15:22:59Z INFO ConfigurationManager] Settings Loaded
[2024-06-17 15:22:59Z INFO ConfigurationStore] IsServiceConfigured()
[2024-06-17 15:22:59Z INFO ConfigurationStore] IsServiceConfigured: False
[2024-06-17 15:22:59Z INFO CommandSettings] Command 'run': 'True'
[2024-06-17 15:22:59Z INFO ConfigurationStore] IsConfigured()
[2024-06-17 15:22:59Z INFO ConfigurationStore] IsConfigured: True
[2024-06-17 15:22:59Z INFO ConfigurationManager] Is configured: True
[2024-06-17 15:22:59Z INFO Runner] Could not parse the argument value '' for StartupType. Defaulting to Manual
[2024-06-17 15:22:59Z INFO Runner] Set runner startup type - Manual
[2024-06-17 15:22:59Z INFO CommandSettings] Flag 'once': 'False'
[2024-06-17 15:22:59Z INFO CommandSettings] Flag 'once': 'False'
[2024-06-17 15:22:59Z INFO Runner] RunAsync
[2024-06-17 15:22:59Z INFO ConfigurationManager] LoadSettings
[2024-06-17 15:22:59Z INFO ConfigurationStore] IsConfigured()
[2024-06-17 15:22:59Z INFO ConfigurationStore] IsConfigured: True
[2024-06-17 15:22:59Z INFO ConfigurationManager] Is configured: True
[2024-06-17 15:22:59Z INFO ConfigurationManager] Settings Loaded
[2024-06-17 15:22:59Z INFO MessageListener] {
  "AgentId": 4,
  "AgentName": "tp_github_runner",
  "PoolId": 1,
  "PoolName": "Default",
  "ServerUrl": "https://pipelinesghubeus24.actions.githubusercontent.com/OgVuZ92auZmPcux8qEPs28XW3231s3gA5DI98alcwLZqvEXOM8/",
  "GitHubUrl": "https://github.com/raparisonbryan/TP_github_runners",
  "WorkFolder": "_work"
}
[2024-06-17 15:22:59Z INFO MessageListener] Loading Credentials
[2024-06-17 15:22:59Z INFO ConfigurationStore] HasCredentials()
[2024-06-17 15:22:59Z INFO ConfigurationStore] stored True
[2024-06-17 15:22:59Z INFO CredentialManager] GetCredentialProvider
[2024-06-17 15:22:59Z INFO CredentialManager] Creating type OAuth
[2024-06-17 15:22:59Z INFO CredentialManager] Creating credential type: OAuth
[2024-06-17 15:22:59Z INFO HostContext] Well known directory 'Bin': 'D:\Ynov\23-24\CI-CD\TP_github_runner\actions-runner\bin'
[2024-06-17 15:22:59Z INFO HostContext] Well known directory 'Root': 'D:\Ynov\23-24\CI-CD\TP_github_runner\actions-runner'
[2024-06-17 15:22:59Z INFO HostContext] Well known config file 'RSACredentials': 'D:\Ynov\23-24\CI-CD\TP_github_runner\actions-runner\.credentials_rsaparams'
[2024-06-17 15:22:59Z INFO RSAEncryptedFileKeyManager] Loading RSA key parameters from file D:\Ynov\23-24\CI-CD\TP_github_runner\actions-runner\.credentials_rsaparams
[2024-06-17 15:22:59Z INFO MessageListener] Attempt to create session.
[2024-06-17 15:22:59Z INFO MessageListener] Connecting to the Runner Server...
[2024-06-17 15:22:59Z INFO RunnerServer] EstablishVssConnection
[2024-06-17 15:22:59Z INFO RunnerServer] Establish connection with 100 seconds timeout.
[2024-06-17 15:22:59Z INFO GitHubActionsService] Starting operation Location.GetConnectionData
[2024-06-17 15:22:59Z INFO RunnerServer] EstablishVssConnection
[2024-06-17 15:22:59Z INFO RunnerServer] Establish connection with 60 seconds timeout.
[2024-06-17 15:22:59Z INFO GitHubActionsService] Starting operation Location.GetConnectionData
[2024-06-17 15:22:59Z INFO RunnerServer] EstablishVssConnection
[2024-06-17 15:22:59Z INFO RunnerServer] Establish connection with 60 seconds timeout.
[2024-06-17 15:22:59Z INFO GitHubActionsService] Starting operation Location.GetConnectionData
[2024-06-17 15:23:00Z INFO GitHubActionsService] Finished operation Location.GetConnectionData
[2024-06-17 15:23:00Z INFO GitHubActionsService] Finished operation Location.GetConnectionData
[2024-06-17 15:23:00Z INFO GitHubActionsService] Finished operation Location.GetConnectionData
[2024-06-17 15:23:00Z INFO MessageListener] VssConnection created
[2024-06-17 15:23:00Z INFO Terminal] WRITE LINE: 
[2024-06-17 15:23:00Z INFO Terminal] WRITE LINE: 
[2024-06-17 15:23:00Z INFO RSAEncryptedFileKeyManager] Loading RSA key parameters from file D:\Ynov\23-24\CI-CD\TP_github_runner\actions-runner\.credentials_rsaparams
[2024-06-17 15:23:00Z INFO RSAEncryptedFileKeyManager] Loading RSA key parameters from file D:\Ynov\23-24\CI-CD\TP_github_runner\actions-runner\.credentials_rsaparams
[2024-06-17 15:23:00Z INFO GitHubActionsService] AAD Correlation ID for this token request: Unknown
[2024-06-17 15:23:00Z INFO MessageListener] Session created.
[2024-06-17 15:23:00Z INFO Terminal] WRITE LINE: Current runner version: '2.317.0'
[2024-06-17 15:23:00Z INFO Terminal] WRITE LINE: 2024-06-17 15:23:00Z: Listening for Jobs
[2024-06-17 15:23:00Z INFO JobDispatcher] Set runner/worker IPC timeout to 30 seconds.
[2024-06-17 15:23:04Z INFO RSAEncryptedFileKeyManager] Loading RSA key parameters from file D:\Ynov\23-24\CI-CD\TP_github_runner\actions-runner\.credentials_rsaparams
[2024-06-17 15:23:04Z INFO MessageListener] Message '1' received from session 'be46d748-98ae-4765-aef6-41a3653b7905'.
[2024-06-17 15:23:04Z INFO Runner] Received job message of length 24878 from service, with hash 'b277679f07c768adbefe64f6e43319ab5a5e00b7e66e2eae1472d43132cbaac6'
[2024-06-17 15:23:04Z INFO JobDispatcher] Job request 14 for plan 2d97afe4-e5c2-4656-a251-65cf768b1475 job be3eeb22-584a-5ee4-236b-1a042e19f0eb received.
[2024-06-17 15:23:04Z INFO JobDispatcher] Pull OrchestrationId 2d97afe4-e5c2-4656-a251-65cf768b1475.build-and-test.__default from JWT claims
[2024-06-17 15:23:04Z INFO MessageListener] Received job status event. JobState: Busy
[2024-06-17 15:23:04Z INFO MessageListener] _getMessagesTokenSource is already disposed.
[2024-06-17 15:23:04Z INFO Terminal] WRITE LINE: 2024-06-17 15:23:04Z: Running job: build-and-test
[2024-06-17 15:23:04Z INFO JobDispatcher] Start renew job request 14 for job be3eeb22-584a-5ee4-236b-1a042e19f0eb.
[2024-06-17 15:23:04Z INFO JobDispatcher] Successfully renew job request 14, job is valid till 17/06/2024 15:33:05
[2024-06-17 15:23:04Z INFO HostContext] Well known directory 'Bin': 'D:\Ynov\23-24\CI-CD\TP_github_runner\actions-runner\bin'
[2024-06-17 15:23:04Z INFO ProcessInvokerWrapper] Starting process:
[2024-06-17 15:23:04Z INFO ProcessInvokerWrapper]   File name: 'D:\Ynov\23-24\CI-CD\TP_github_runner\actions-runner\bin\Runner.Worker.exe'
[2024-06-17 15:23:04Z INFO ProcessInvokerWrapper]   Arguments: 'spawnclient 2248 2284'
[2024-06-17 15:23:04Z INFO ProcessInvokerWrapper]   Working directory: 'D:\Ynov\23-24\CI-CD\TP_github_runner\actions-runner\bin'
[2024-06-17 15:23:04Z INFO ProcessInvokerWrapper]   Require exit code zero: 'False'
[2024-06-17 15:23:04Z INFO ProcessInvokerWrapper]   Encoding web name:  ; code page: ''
[2024-06-17 15:23:04Z INFO ProcessInvokerWrapper]   Force kill process on cancellation: 'True'
[2024-06-17 15:23:04Z INFO ProcessInvokerWrapper]   Redirected STDIN: 'False'
[2024-06-17 15:23:04Z INFO ProcessInvokerWrapper]   Persist current code page: 'False'
[2024-06-17 15:23:04Z INFO ProcessInvokerWrapper]   Keep redirected STDIN open: 'False'
[2024-06-17 15:23:04Z INFO ProcessInvokerWrapper]   High priority process: 'True'
[2024-06-17 15:23:04Z INFO ProcessInvokerWrapper] Process started with process id 31084, waiting for process exit.
[2024-06-17 15:23:04Z INFO JobDispatcher] Send job request message to worker for job be3eeb22-584a-5ee4-236b-1a042e19f0eb.
[2024-06-17 15:23:04Z INFO ProcessChannel] Sending message of length 24878, with hash 'b277679f07c768adbefe64f6e43319ab5a5e00b7e66e2eae1472d43132cbaac6'
[2024-06-17 15:23:05Z INFO JobNotification] Entering JobStarted Notification
[2024-06-17 15:23:05Z INFO JobNotification] Entering StartMonitor
[2024-06-17 15:23:44Z INFO ProcessInvokerWrapper] STDOUT/STDERR stream read finished.
[2024-06-17 15:23:44Z INFO ProcessInvokerWrapper] STDOUT/STDERR stream read finished.
[2024-06-17 15:23:44Z INFO ProcessInvokerWrapper] Finished process 31084 with exit code 102, and elapsed time 00:00:39.9628835.
[2024-06-17 15:23:44Z INFO JobDispatcher] Worker finished for job be3eeb22-584a-5ee4-236b-1a042e19f0eb. Code: 102
[2024-06-17 15:23:44Z INFO JobDispatcher] finish job request for job be3eeb22-584a-5ee4-236b-1a042e19f0eb with result: Failed
[2024-06-17 15:23:44Z INFO Terminal] WRITE LINE: 2024-06-17 15:23:44Z: Job build-and-test completed with result: Failed
[2024-06-17 15:23:44Z INFO JobDispatcher] Stop renew job request for job be3eeb22-584a-5ee4-236b-1a042e19f0eb.
[2024-06-17 15:23:44Z INFO JobDispatcher] job renew has been cancelled, stop renew job request 14.
[2024-06-17 15:23:44Z INFO JobNotification] Entering JobCompleted Notification
[2024-06-17 15:23:44Z INFO JobNotification] Entering EndMonitor
[2024-06-17 15:23:44Z INFO MessageListener] Received job status event. JobState: Online
[2024-06-17 15:23:44Z WARN GitHubActionsService] GET request to https://pipelinesghubeus24.actions.githubusercontent.com/OgVuZ92auZmPcux8qEPs28XW3231s3gA5DI98alcwLZqvEXOM8/_apis/distributedtask/pools/1/messages?sessionId=be46d748-98ae-4765-aef6-41a3653b7905&lastMessageId=1&status=Busy&runnerVersion=2.317.0&os=Windows&architecture=X64&disableUpdate=false has been cancelled.
[2024-06-17 15:23:44Z INFO MessageListener] Get messages has been cancelled using local token source. Continue to get messages with new status.
