[2024-06-17 14:38:23Z INFO HostContext] No proxy settings were found based on environmental variables (http_proxy/https_proxy/HTTP_PROXY/HTTPS_PROXY)
[2024-06-17 14:38:23Z INFO HostContext] Well known directory 'Bin': 'D:\Ynov\23-24\CI-CD\TP_github_runner\actions-runner\bin'
[2024-06-17 14:38:23Z INFO HostContext] Well known directory 'Root': 'D:\Ynov\23-24\CI-CD\TP_github_runner\actions-runner'
[2024-06-17 14:38:23Z INFO HostContext] Well known config file 'Credentials': 'D:\Ynov\23-24\CI-CD\TP_github_runner\actions-runner\.credentials'
[2024-06-17 14:38:23Z INFO HostContext] Well known directory 'Bin': 'D:\Ynov\23-24\CI-CD\TP_github_runner\actions-runner\bin'
[2024-06-17 14:38:23Z INFO HostContext] Well known directory 'Root': 'D:\Ynov\23-24\CI-CD\TP_github_runner\actions-runner'
[2024-06-17 14:38:23Z INFO HostContext] Well known config file 'Runner': 'D:\Ynov\23-24\CI-CD\TP_github_runner\actions-runner\.runner'
[2024-06-17 14:38:23Z INFO Worker] Version: 2.317.0
[2024-06-17 14:38:23Z INFO Worker] Commit: 6dc005ee3690a0303e0d7269b6f60295d22dcfad
[2024-06-17 14:38:23Z INFO Worker] Culture: fr-FR
[2024-06-17 14:38:23Z INFO Worker] UI Culture: fr-FR
[2024-06-17 14:38:23Z INFO Worker] Waiting to receive the job message from the channel.
[2024-06-17 14:38:23Z INFO ProcessChannel] Receiving message of length 25199, with hash 'ea603d599ef5fe80dd02fcb9ba60bfeb6a2cac95cb31abf86b2792e8b6dfcbed'
[2024-06-17 14:38:23Z INFO Worker] Message received.
[2024-06-17 14:38:23Z INFO Worker] Job message:
 {
  "fileTable": [
    ".github/workflows/ci.yml"
  ],
  "mask": [
    {
      "type": "regex",
      "value": "***"
    },
    {
      "type": "regex",
      "value": "***"
    },
    {
      "type": "regex",
      "value": "***"
    },
    {
      "type": "regex",
      "value": "***"
    },
    {
      "type": "regex",
      "value": "***"
    },
    {
      "type": "regex",
      "value": "***"
    },
    {
      "type": "regex",
      "value": "***"
    },
    {
      "type": "regex",
      "value": "***"
    },
    {
      "type": "regex",
      "value": "***"
    },
    {
      "type": "regex",
      "value": "***"
    },
    {
      "type": "regex",
      "value": "***"
    },
    {
      "type": "regex",
      "value": "***"
    },
    {
      "type": "regex",
      "value": "***"
    },
    {
      "type": "regex",
      "value": "***"
    },
    {
      "type": "regex",
      "value": "***"
    },
    {
      "type": "regex",
      "value": "***"
    },
    {
      "type": "regex",
      "value": "***"
    },
    {
      "type": "regex",
      "value": "***"
    },
    {
      "type": "regex",
      "value": "***"
    }
  ],
  "steps": [
    {
      "type": "action",
      "reference": {
        "type": "script"
      },
      "displayNameToken": {
        "type": 0,
        "file": 1,
        "line": 10,
        "col": 15,
        "lit": "Configure Git to support long paths"
      },
      "contextName": "__run",
      "inputs": {
        "type": 2,
        "map": [
          {
            "key": "script",
            "value": {
              "type": 0,
              "file": 1,
              "line": 11,
              "col": 14,
              "lit": "git config --system core.longpaths true"
            }
          }
        ]
      },
      "condition": "success()",
      "id": "df664e4f-7a3d-52d0-31f1-e619cb957574",
      "name": "__run"
    },
    {
      "type": "action",
      "reference": {
        "type": "repository",
        "name": "actions/checkout",
        "ref": "v2",
        "repositoryType": "GitHub",
        "path": ""
      },
      "displayNameToken": {
        "type": 0,
        "file": 1,
        "line": 13,
        "col": 15,
        "lit": "Checkout repository"
      },
      "contextName": "__actions_checkout",
      "condition": "success()",
      "id": "5d4521ee-4b17-515b-c4dd-2a3b35d621fd",
      "name": "__actions_checkout"
    },
    {
      "type": "action",
      "reference": {
        "type": "script"
      },
      "displayNameToken": {
        "type": 0,
        "file": 1,
        "line": 16,
        "col": 15,
        "lit": "Set up Docker Compose"
      },
      "contextName": "__run_2",
      "inputs": {
        "type": 2,
        "map": [
          {
            "key": "script",
            "value": {
              "type": 0,
              "file": 1,
              "line": 17,
              "col": 14,
              "lit": "docker-compose up -d\n"
            }
          },
          {
            "key": "workingDirectory",
            "value": {
              "type": 0,
              "file": 1,
              "line": 19,
              "col": 28,
              "lit": "./docker-compose.yml"
            }
          }
        ]
      },
      "condition": "success()",
      "id": "ce96f01f-eb49-5696-bf94-80b2c0ea8d56",
      "name": "__run_2"
    },
    {
      "type": "action",
      "reference": {
        "type": "script"
      },
      "displayNameToken": {
        "type": 0,
        "file": 1,
        "line": 21,
        "col": 15,
        "lit": "Wait for services to be up"
      },
      "contextName": "__run_3",
      "inputs": {
        "type": 2,
        "map": [
          {
            "key": "script",
            "value": {
              "type": 0,
              "file": 1,
              "line": 22,
              "col": 14,
              "lit": "sleep 30\n"
            }
          }
        ]
      },
      "condition": "success()",
      "id": "f87d430e-2524-58e4-2f26-fecfa789334e",
      "name": "__run_3"
    },
    {
      "type": "action",
      "reference": {
        "type": "script"
      },
      "displayNameToken": {
        "type": 0,
        "file": 1,
        "line": 25,
        "col": 15,
        "lit": "Test web page"
      },
      "contextName": "__run_4",
      "inputs": {
        "type": 2,
        "map": [
          {
            "key": "script",
            "value": {
              "type": 0,
              "file": 1,
              "line": 26,
              "col": 14,
              "lit": "curl -f http://localhost:8080 || exit 1\n"
            }
          }
        ]
      },
      "condition": "success()",
      "id": "e6175f7e-9165-5da2-17ee-ad6f650cf831",
      "name": "__run_4"
    },
    {
      "type": "action",
      "reference": {
        "type": "script"
      },
      "displayNameToken": {
        "type": 0,
        "file": 1,
        "line": 29,
        "col": 15,
        "lit": "Stop Docker Compose"
      },
      "contextName": "__run_5",
      "inputs": {
        "type": 2,
        "map": [
          {
            "key": "script",
            "value": {
              "type": 0,
              "file": 1,
              "line": 30,
              "col": 14,
              "lit": "docker-compose down\n"
            }
          },
          {
            "key": "workingDirectory",
            "value": {
              "type": 0,
              "file": 1,
              "line": 32,
              "col": 28,
              "lit": "./docker-compose.yml"
            }
          }
        ]
      },
      "condition": "success()",
      "id": "7fc24b50-edf5-5ab0-ffb1-47f273e06912",
      "name": "__run_5"
    }
  ],
  "variables": {
    "system.isScheduled": {
      "value": "False"
    },
    "system.servertype": {
      "value": "Hosted"
    },
    "system.culture": {
      "value": ""
    },
    "system.pipelineStartTime": {
      "value": "2024-06-17 14:38:21+00:00"
    },
    "system.runner.lowdiskspacethreshold": {
      "value": "100"
    },
    "DistributedTask.NewActionMetadata": {
      "value": "true"
    },
    "DistributedTask.EnableCompositeActions": {
      "value": "true"
    },
    "DistributedTask.EnhancedAnnotations": {
      "value": "true"
    },
    "DistributedTask.UploadStepSummary": {
      "value": "true"
    },
    "DistributedTask.ForceGithubJavascriptActionsToNode16": {
      "value": "true"
    },
    "DistributedTask.AddWarningToNode12Action": {
      "value": "true"
    },
    "DistributedTask.AddWarningToNode16Action": {
      "value": "true"
    },
    "DistributedTask.LogTemplateErrorsAsDebugMessages": {
      "value": "true"
    },
    "DistributedTask.AllowRunnerContainerHooks": {
      "value": "true"
    },
    "DistributedTask.DeprecateStepOutputCommands": {
      "value": "true"
    },
    "DistributedTask.UseWhich2": {
      "value": "true"
    },
    "DistributedTask.DetailUntarFailure": {
      "value": "true"
    },
    "DistributedTask.UseActionArchiveCache": {
      "value": "true"
    },
    "DistributedTask.EnableJobServerQueueTelemetry": {
      "value": "true"
    },
    "DistributedTask.MarkJobAsFailedOnWorkerCrash": {
      "value": "true"
    },
    "Actions.EnableHttpRedirects": {
      "value": "true"
    },
    "system.teamProjectId": {
      "value": "00000000-0000-0000-0000-000000000000"
    },
    "build.buildId": {
      "value": "8"
    },
    "build.containerId": {
      "value": "39445757"
    },
    "system.workflowFilePath": {
      "value": ".github/workflows/ci.yml"
    },
    "system.phaseDisplayName": {
      "value": "build-and-test"
    },
    "system.phaseId": {
      "value": "a695ec84-031b-5bc2-1a2c-b19959d49c96"
    },
    "system.phaseName": {
      "value": "build-and-test"
    },
    "system.phaseAttempt": {
      "value": "1"
    },
    "system.jobIdentifier": {
      "value": "build-and-test.__default"
    },
    "system.jobAttempt": {
      "value": "1"
    },
    "System.JobPositionInPhase": {
      "value": "1"
    },
    "System.TotalJobsInPhase": {
      "value": "1"
    },
    "system.github.job": {
      "value": "build-and-test"
    },
    "system.jobDisplayName": {
      "value": "build-and-test"
    },
    "system.jobId": {
      "value": "be3eeb22-584a-5ee4-236b-1a042e19f0eb"
    },
    "system.jobName": {
      "value": "__default"
    },
    "system.github.token.permissions": {
      "value": "{\"Contents\":\"read\",\"Metadata\":\"read\",\"Packages\":\"read\"}"
    },
    "system.github.token": {
      "value": "***",
      "isSecret": true
    },
    "system.runnerEnvironment": {
      "value": "self-hosted"
    },
    "system.github.results_endpoint": {
      "value": "https://results-receiver.actions.githubusercontent.com/"
    },
    "system.github.results_upload_with_sdk": {
      "value": "True"
    },
    "system.orchestrationId": {
      "value": "8fbc81ad-7968-4297-beca-77a18d0562d4.build-and-test.__default"
    },
    "system.runnerGroupName": {
      "value": "Default"
    }
  },
  "messageType": "PipelineAgentJobRequest",
  "plan": {
    "scopeIdentifier": "00000000-0000-0000-0000-000000000000",
    "planType": "Actions",
    "version": 41,
    "planId": "8fbc81ad-7968-4297-beca-77a18d0562d4",
    "planGroup": "Actions:00000000-0000-0000-0000-000000000000:1",
    "artifactUri": "vstfs:///Build/Build/8",
    "artifactLocation": null,
    "definition": {
      "_links": {},
      "id": 3,
      "name": "TP_github_runners"
    },
    "owner": {
      "_links": {},
      "id": 3,
      "name": "raparisonbryan"
    }
  },
  "timeline": {
    "id": "8fbc81ad-7968-4297-beca-77a18d0562d4",
    "changeId": 0,
    "location": null
  },
  "jobId": "be3eeb22-584a-5ee4-236b-1a042e19f0eb",
  "jobDisplayName": "build-and-test",
  "jobName": "__default",
  "requestId": 8,
  "lockedUntil": "0001-01-01T00:00:00",
  "resources": {
    "endpoints": [
      {
        "data": {
          "ServerId": "450eb8be-3942-4116-888a-643a637ffe6f",
          "ServerName": "OgVuZ92auZmPcux8qEPs28XW3231s3gA5DI98alcwLZqvEXOM8",
          "CacheServerUrl": "https://acghubeus1.actions.githubusercontent.com/OgVuZ92auZmPcux8qEPs28XW3231s3gA5DI98alcwLZqvEXOM8/",
          "FeedStreamUrl": "https://results-receiver.actions.githubusercontent.com/_ws/ingest.sock",
          "ResultsServiceUrl": "https://results-receiver.actions.githubusercontent.com/",
          "ConnectivityChecks": "[\"https://acghubeus0.actions.githubusercontent.com/_apis/health\",\"https://results-receiver.actions.githubusercontent.com/health\",\"https://actions-results-receiver-production.githubapp.com/health\",\"https://pipelinesghubeus24.actions.githubusercontent.com/_apis/health\"]"
        },
        "name": "SystemVssConnection",
        "url": "https://pipelinesghubeus24.actions.githubusercontent.com/OgVuZ92auZmPcux8qEPs28XW3231s3gA5DI98alcwLZqvEXOM8/",
        "authorization": {
          "parameters": {
            "AccessToken": ***
          },
          "scheme": "OAuth"
        },
        "isShared": false,
        "isReady": true
      }
    ]
  },
  "contextData": {
    "github": {
      "t": 2,
      "d": [
        {
          "k": "ref",
          "v": "refs/heads/main"
        },
        {
          "k": "sha",
          "v": "b081265e0c752245b81d3b05e2a6cc64c3688f08"
        },
        {
          "k": "repository",
          "v": "raparisonbryan/TP_github_runners"
        },
        {
          "k": "repository_owner",
          "v": "raparisonbryan"
        },
        {
          "k": "repository_owner_id",
          "v": "90842784"
        },
        {
          "k": "repositoryUrl",
          "v": "git://github.com/raparisonbryan/TP_github_runners.git"
        },
        {
          "k": "run_id",
          "v": "9549684540"
        },
        {
          "k": "run_number",
          "v": "6"
        },
        {
          "k": "retention_days",
          "v": "90"
        },
        {
          "k": "run_attempt",
          "v": "1"
        },
        {
          "k": "artifact_cache_size_limit",
          "v": "10"
        },
        {
          "k": "repository_visibility",
          "v": "public"
        },
        {
          "k": "repo-self-hosted-runners-disabled",
          "v": false
        },
        {
          "k": "enterprise-managed-business-id",
          "v": ""
        },
        {
          "k": "repository_id",
          "v": "816273123"
        },
        {
          "k": "actor_id",
          "v": "90842784"
        },
        {
          "k": "actor",
          "v": "raparisonbryan"
        },
        {
          "k": "triggering_actor",
          "v": "raparisonbryan"
        },
        {
          "k": "workflow",
          "v": "CI for web-php-bdd"
        },
        {
          "k": "head_ref",
          "v": ""
        },
        {
          "k": "base_ref",
          "v": ""
        },
        {
          "k": "event_name",
          "v": "push"
        },
        {
          "k": "event",
          "v": {
            "t": 2,
            "d": [
              {
                "k": "after",
                "v": "b081265e0c752245b81d3b05e2a6cc64c3688f08"
              },
              {
                "k": "base_ref",
                "v": null
              },
              {
                "k": "before",
                "v": "bef4f96f7e730a1c810b0c21785d3b027a83dcfc"
              },
              {
                "k": "commits",
                "v": {
                  "t": 1,
                  "a": [
                    {
                      "t": 2,
                      "d": [
                        {
                          "k": "author",
                          "v": {
                            "t": 2,
                            "d": [
                              {
                                "k": "email",
                                "v": "raparisonbryan@yahoo.fr"
                              },
                              {
                                "k": "name",
                                "v": "raparisonbryan"
                              },
                              {
                                "k": "username",
                                "v": "raparisonbryan"
                              }
                            ]
                          }
                        },
                        {
                          "k": "committer",
                          "v": {
                            "t": 2,
                            "d": [
                              {
                                "k": "email",
                                "v": "raparisonbryan@yahoo.fr"
                              },
                              {
                                "k": "name",
                                "v": "raparisonbryan"
                              },
                              {
                                "k": "username",
                                "v": "raparisonbryan"
                              }
                            ]
                          }
                        },
                        {
                          "k": "distinct",
                          "v": true
                        },
                        {
                          "k": "id",
                          "v": "b081265e0c752245b81d3b05e2a6cc64c3688f08"
                        },
                        {
                          "k": "message",
                          "v": "fix runners"
                        },
                        {
                          "k": "timestamp",
                          "v": "2024-06-17T16:38:11+02:00"
                        },
                        {
                          "k": "tree_id",
                          "v": "37de94be49bcb78b43113f9bcd328899af7da1c4"
                        },
                        {
                          "k": "url",
                          "v": "https://github.com/raparisonbryan/TP_github_runners/commit/b081265e0c752245b81d3b05e2a6cc64c3688f08"
                        }
                      ]
                    }
                  ]
                }
              },
              {
                "k": "compare",
                "v": "https://github.com/raparisonbryan/TP_github_runners/compare/bef4f96f7e73...b081265e0c75"
              },
              {
                "k": "created",
                "v": false
              },
              {
                "k": "deleted",
                "v": false
              },
              {
                "k": "forced",
                "v": false
              },
              {
                "k": "head_commit",
                "v": {
                  "t": 2,
                  "d": [
                    {
                      "k": "author",
                      "v": {
                        "t": 2,
                        "d": [
                          {
                            "k": "email",
                            "v": "raparisonbryan@yahoo.fr"
                          },
                          {
                            "k": "name",
                            "v": "raparisonbryan"
                          },
                          {
                            "k": "username",
                            "v": "raparisonbryan"
                          }
                        ]
                      }
                    },
                    {
                      "k": "committer",
                      "v": {
                        "t": 2,
                        "d": [
                          {
                            "k": "email",
                            "v": "raparisonbryan@yahoo.fr"
                          },
                          {
                            "k": "name",
                            "v": "raparisonbryan"
                          },
                          {
                            "k": "username",
                            "v": "raparisonbryan"
                          }
                        ]
                      }
                    },
                    {
                      "k": "distinct",
                      "v": true
                    },
                    {
                      "k": "id",
                      "v": "b081265e0c752245b81d3b05e2a6cc64c3688f08"
                    },
                    {
                      "k": "message",
                      "v": "fix runners"
                    },
                    {
                      "k": "timestamp",
                      "v": "2024-06-17T16:38:11+02:00"
                    },
                    {
                      "k": "tree_id",
                      "v": "37de94be49bcb78b43113f9bcd328899af7da1c4"
                    },
                    {
                      "k": "url",
                      "v": "https://github.com/raparisonbryan/TP_github_runners/commit/b081265e0c752245b81d3b05e2a6cc64c3688f08"
                    }
                  ]
                }
              },
              {
                "k": "pusher",
                "v": {
                  "t": 2,
                  "d": [
                    {
                      "k": "email",
                      "v": "90842784+raparisonbryan@users.noreply.github.com"
                    },
                    {
                      "k": "name",
                      "v": "raparisonbryan"
                    }
                  ]
                }
              },
              {
                "k": "ref",
                "v": "refs/heads/main"
              },
              {
                "k": "repository",
                "v": {
                  "t": 2,
                  "d": [
                    {
                      "k": "allow_forking",
                      "v": true
                    },
                    {
                      "k": "archive_url",
                      "v": "https://api.github.com/repos/raparisonbryan/TP_github_runners/{archive_format}{/ref}"
                    },
                    {
                      "k": "archived",
                      "v": false
                    },
                    {
                      "k": "assignees_url",
                      "v": "https://api.github.com/repos/raparisonbryan/TP_github_runners/assignees{/user}"
                    },
                    {
                      "k": "blobs_url",
                      "v": "https://api.github.com/repos/raparisonbryan/TP_github_runners/git/blobs{/sha}"
                    },
                    {
                      "k": "branches_url",
                      "v": "https://api.github.com/repos/raparisonbryan/TP_github_runners/branches{/branch}"
                    },
                    {
                      "k": "clone_url",
                      "v": "https://github.com/raparisonbryan/TP_github_runners.git"
                    },
                    {
                      "k": "collaborators_url",
                      "v": "https://api.github.com/repos/raparisonbryan/TP_github_runners/collaborators{/collaborator}"
                    },
                    {
                      "k": "comments_url",
                      "v": "https://api.github.com/repos/raparisonbryan/TP_github_runners/comments{/number}"
                    },
                    {
                      "k": "commits_url",
                      "v": "https://api.github.com/repos/raparisonbryan/TP_github_runners/commits{/sha}"
                    },
                    {
                      "k": "compare_url",
                      "v": "https://api.github.com/repos/raparisonbryan/TP_github_runners/compare/{base}...{head}"
                    },
                    {
                      "k": "contents_url",
                      "v": "https://api.github.com/repos/raparisonbryan/TP_github_runners/contents/{+path}"
                    },
                    {
                      "k": "contributors_url",
                      "v": "https://api.github.com/repos/raparisonbryan/TP_github_runners/contributors"
                    },
                    {
                      "k": "created_at",
                      "v": 1718625778.0
                    },
                    {
                      "k": "default_branch",
                      "v": "main"
                    },
                    {
                      "k": "deployments_url",
                      "v": "https://api.github.com/repos/raparisonbryan/TP_github_runners/deployments"
                    },
                    {
                      "k": "description",
                      "v": null
                    },
                    {
                      "k": "disabled",
                      "v": false
                    },
                    {
                      "k": "downloads_url",
                      "v": "https://api.github.com/repos/raparisonbryan/TP_github_runners/downloads"
                    },
                    {
                      "k": "events_url",
                      "v": "https://api.github.com/repos/raparisonbryan/TP_github_runners/events"
                    },
                    {
                      "k": "fork",
                      "v": false
                    },
                    {
                      "k": "forks",
                      "v": 0.0
                    },
                    {
                      "k": "forks_count",
                      "v": 0.0
                    },
                    {
                      "k": "forks_url",
                      "v": "https://api.github.com/repos/raparisonbryan/TP_github_runners/forks"
                    },
                    {
                      "k": "full_name",
                      "v": "raparisonbryan/TP_github_runners"
                    },
                    {
                      "k": "git_commits_url",
                      "v": "https://api.github.com/repos/raparisonbryan/TP_github_runners/git/commits{/sha}"
                    },
                    {
                      "k": "git_refs_url",
                      "v": "https://api.github.com/repos/raparisonbryan/TP_github_runners/git/refs{/sha}"
                    },
                    {
                      "k": "git_tags_url",
                      "v": "https://api.github.com/repos/raparisonbryan/TP_github_runners/git/tags{/sha}"
                    },
                    {
                      "k": "git_url",
                      "v": "git://github.com/raparisonbryan/TP_github_runners.git"
                    },
                    {
                      "k": "has_discussions",
                      "v": false
                    },
                    {
                      "k": "has_downloads",
                      "v": true
                    },
                    {
                      "k": "has_issues",
                      "v": true
                    },
                    {
                      "k": "has_pages",
                      "v": false
                    },
                    {
                      "k": "has_projects",
                      "v": true
                    },
                    {
                      "k": "has_wiki",
                      "v": true
                    },
                    {
                      "k": "homepage",
                      "v": null
                    },
                    {
                      "k": "hooks_url",
                      "v": "https://api.github.com/repos/raparisonbryan/TP_github_runners/hooks"
                    },
                    {
                      "k": "html_url",
                      "v": "https://github.com/raparisonbryan/TP_github_runners"
                    },
                    {
                      "k": "id",
                      "v": 816273123.0
                    },
                    {
                      "k": "is_template",
                      "v": false
                    },
                    {
                      "k": "issue_comment_url",
                      "v": "https://api.github.com/repos/raparisonbryan/TP_github_runners/issues/comments{/number}"
                    },
                    {
                      "k": "issue_events_url",
                      "v": "https://api.github.com/repos/raparisonbryan/TP_github_runners/issues/events{/number}"
                    },
                    {
                      "k": "issues_url",
                      "v": "https://api.github.com/repos/raparisonbryan/TP_github_runners/issues{/number}"
                    },
                    {
                      "k": "keys_url",
                      "v": "https://api.github.com/repos/raparisonbryan/TP_github_runners/keys{/key_id}"
                    },
                    {
                      "k": "labels_url",
                      "v": "https://api.github.com/repos/raparisonbryan/TP_github_runners/labels{/name}"
                    },
                    {
                      "k": "language",
                      "v": "TypeScript"
                    },
                    {
                      "k": "languages_url",
                      "v": "https://api.github.com/repos/raparisonbryan/TP_github_runners/languages"
                    },
                    {
                      "k": "license",
                      "v": null
                    },
                    {
                      "k": "master_branch",
                      "v": "main"
                    },
                    {
                      "k": "merges_url",
                      "v": "https://api.github.com/repos/raparisonbryan/TP_github_runners/merges"
                    },
                    {
                      "k": "milestones_url",
                      "v": "https://api.github.com/repos/raparisonbryan/TP_github_runners/milestones{/number}"
                    },
                    {
                      "k": "mirror_url",
                      "v": null
                    },
                    {
                      "k": "name",
                      "v": "TP_github_runners"
                    },
                    {
                      "k": "node_id",
                      "v": "R_kgDOMKdW4w"
                    },
                    {
                      "k": "notifications_url",
                      "v": "https://api.github.com/repos/raparisonbryan/TP_github_runners/notifications{?since,all,participating}"
                    },
                    {
                      "k": "open_issues",
                      "v": 0.0
                    },
                    {
                      "k": "open_issues_count",
                      "v": 0.0
                    },
                    {
                      "k": "owner",
                      "v": {
                        "t": 2,
                        "d": [
                          {
                            "k": "avatar_url",
                            "v": "https://avatars.githubusercontent.com/u/90842784?v=4"
                          },
                          {
                            "k": "email",
                            "v": "90842784+raparisonbryan@users.noreply.github.com"
                          },
                          {
                            "k": "events_url",
                            "v": "https://api.github.com/users/raparisonbryan/events{/privacy}"
                          },
                          {
                            "k": "followers_url",
                            "v": "https://api.github.com/users/raparisonbryan/followers"
                          },
                          {
                            "k": "following_url",
                            "v": "https://api.github.com/users/raparisonbryan/following{/other_user}"
                          },
                          {
                            "k": "gists_url",
                            "v": "https://api.github.com/users/raparisonbryan/gists{/gist_id}"
                          },
                          {
                            "k": "gravatar_id",
                            "v": ""
                          },
                          {
                            "k": "html_url",
                            "v": "https://github.com/raparisonbryan"
                          },
                          {
                            "k": "id",
                            "v": 90842784.0
                          },
                          {
                            "k": "login",
                            "v": "raparisonbryan"
                          },
                          {
                            "k": "name",
                            "v": "raparisonbryan"
                          },
                          {
                            "k": "node_id",
                            "v": "MDQ6VXNlcjkwODQyNzg0"
                          },
                          {
                            "k": "organizations_url",
                            "v": "https://api.github.com/users/raparisonbryan/orgs"
                          },
                          {
                            "k": "received_events_url",
                            "v": "https://api.github.com/users/raparisonbryan/received_events"
                          },
                          {
                            "k": "repos_url",
                            "v": "https://api.github.com/users/raparisonbryan/repos"
                          },
                          {
                            "k": "site_admin",
                            "v": false
                          },
                          {
                            "k": "starred_url",
                            "v": "https://api.github.com/users/raparisonbryan/starred{/owner}{/repo}"
                          },
                          {
                            "k": "subscriptions_url",
                            "v": "https://api.github.com/users/raparisonbryan/subscriptions"
                          },
                          {
                            "k": "type",
                            "v": "User"
                          },
                          {
                            "k": "url",
                            "v": "https://api.github.com/users/raparisonbryan"
                          }
                        ]
                      }
                    },
                    {
                      "k": "private",
                      "v": false
                    },
                    {
                      "k": "pulls_url",
                      "v": "https://api.github.com/repos/raparisonbryan/TP_github_runners/pulls{/number}"
                    },
                    {
                      "k": "pushed_at",
                      "v": 1718635097.0
                    },
                    {
                      "k": "releases_url",
                      "v": "https://api.github.com/repos/raparisonbryan/TP_github_runners/releases{/id}"
                    },
                    {
                      "k": "size",
                      "v": 190114.0
                    },
                    {
                      "k": "ssh_url",
                      "v": "git@github.com:raparisonbryan/TP_github_runners.git"
                    },
                    {
                      "k": "stargazers",
                      "v": 0.0
                    },
                    {
                      "k": "stargazers_count",
                      "v": 0.0
                    },
                    {
                      "k": "stargazers_url",
                      "v": "https://api.github.com/repos/raparisonbryan/TP_github_runners/stargazers"
                    },
                    {
                      "k": "statuses_url",
                      "v": "https://api.github.com/repos/raparisonbryan/TP_github_runners/statuses/{sha}"
                    },
                    {
                      "k": "subscribers_url",
                      "v": "https://api.github.com/repos/raparisonbryan/TP_github_runners/subscribers"
                    },
                    {
                      "k": "subscription_url",
                      "v": "https://api.github.com/repos/raparisonbryan/TP_github_runners/subscription"
                    },
                    {
                      "k": "svn_url",
                      "v": "https://github.com/raparisonbryan/TP_github_runners"
                    },
                    {
                      "k": "tags_url",
                      "v": "https://api.github.com/repos/raparisonbryan/TP_github_runners/tags"
                    },
                    {
                      "k": "teams_url",
                      "v": "https://api.github.com/repos/raparisonbryan/TP_github_runners/teams"
                    },
                    {
                      "k": "topics",
                      "v": {
                        "t": 1
                      }
                    },
                    {
                      "k": "trees_url",
                      "v": "https://api.github.com/repos/raparisonbryan/TP_github_runners/git/trees{/sha}"
                    },
                    {
                      "k": "updated_at",
                      "v": "2024-06-17T14:32:07Z"
                    },
                    {
                      "k": "url",
                      "v": "https://github.com/raparisonbryan/TP_github_runners"
                    },
                    {
                      "k": "visibility",
                      "v": "public"
                    },
                    {
                      "k": "watchers",
                      "v": 0.0
                    },
                    {
                      "k": "watchers_count",
                      "v": 0.0
                    },
                    {
                      "k": "web_commit_signoff_required",
                      "v": false
                    }
                  ]
                }
              },
              {
                "k": "sender",
                "v": {
                  "t": 2,
                  "d": [
                    {
                      "k": "avatar_url",
                      "v": "https://avatars.githubusercontent.com/u/90842784?v=4"
                    },
                    {
                      "k": "events_url",
                      "v": "https://api.github.com/users/raparisonbryan/events{/privacy}"
                    },
                    {
                      "k": "followers_url",
                      "v": "https://api.github.com/users/raparisonbryan/followers"
                    },
                    {
                      "k": "following_url",
                      "v": "https://api.github.com/users/raparisonbryan/following{/other_user}"
                    },
                    {
                      "k": "gists_url",
                      "v": "https://api.github.com/users/raparisonbryan/gists{/gist_id}"
                    },
                    {
                      "k": "gravatar_id",
                      "v": ""
                    },
                    {
                      "k": "html_url",
                      "v": "https://github.com/raparisonbryan"
                    },
                    {
                      "k": "id",
                      "v": 90842784.0
                    },
                    {
                      "k": "login",
                      "v": "raparisonbryan"
                    },
                    {
                      "k": "node_id",
                      "v": "MDQ6VXNlcjkwODQyNzg0"
                    },
                    {
                      "k": "organizations_url",
                      "v": "https://api.github.com/users/raparisonbryan/orgs"
                    },
                    {
                      "k": "received_events_url",
                      "v": "https://api.github.com/users/raparisonbryan/received_events"
                    },
                    {
                      "k": "repos_url",
                      "v": "https://api.github.com/users/raparisonbryan/repos"
                    },
                    {
                      "k": "site_admin",
                      "v": false
                    },
                    {
                      "k": "starred_url",
                      "v": "https://api.github.com/users/raparisonbryan/starred{/owner}{/repo}"
                    },
                    {
                      "k": "subscriptions_url",
                      "v": "https://api.github.com/users/raparisonbryan/subscriptions"
                    },
                    {
                      "k": "type",
                      "v": "User"
                    },
                    {
                      "k": "url",
                      "v": "https://api.github.com/users/raparisonbryan"
                    }
                  ]
                }
              }
            ]
          }
        },
        {
          "k": "server_url",
          "v": "https://github.com"
        },
        {
          "k": "api_url",
          "v": "https://api.github.com"
        },
        {
          "k": "graphql_url",
          "v": "https://api.github.com/graphql"
        },
        {
          "k": "ref_name",
          "v": "main"
        },
        {
          "k": "ref_protected",
          "v": false
        },
        {
          "k": "ref_type",
          "v": "branch"
        },
        {
          "k": "secret_source",
          "v": "Actions"
        },
        {
          "k": "workflow_ref",
          "v": "raparisonbryan/TP_github_runners/.github/workflows/ci.yml@refs/heads/main"
        },
        {
          "k": "workflow_sha",
          "v": "b081265e0c752245b81d3b05e2a6cc64c3688f08"
        }
      ]
    },
    "run-feature-flags": {
      "t": 2,
      "d": [
        {
          "k": "actions_stream_logs_via_results_service",
          "v": true
        },
        {
          "k": "actions_use_results_service",
          "v": true
        },
        {
          "k": "larger_runners_custom_image_generation",
          "v": false
        }
      ]
    },
    "partialrerun": false,
    "needs": {
      "t": 2
    },
    "vars": null,
    "inputs": {
      "t": 2
    },
    "matrix": null,
    "strategy": {
      "t": 2,
      "d": [
        {
          "k": "fail-fast",
          "v": true
        },
        {
          "k": "job-index",
          "v": 0.0
        },
        {
          "k": "job-total",
          "v": 1.0
        },
        {
          "k": "max-parallel",
          "v": 1.0
        }
      ]
    },
    "EndpointsOverride": null
  }
}
[2024-06-17 14:38:23Z INFO JobRunner] Job ID be3eeb22-584a-5ee4-236b-1a042e19f0eb
[2024-06-17 14:38:23Z INFO ConfigurationStore] currentAssemblyLocation: D:\Ynov\23-24\CI-CD\TP_github_runner\actions-runner\bin\Runner.Worker.dll
[2024-06-17 14:38:23Z INFO HostContext] Well known directory 'Bin': 'D:\Ynov\23-24\CI-CD\TP_github_runner\actions-runner\bin'
[2024-06-17 14:38:23Z INFO ConfigurationStore] binPath: D:\Ynov\23-24\CI-CD\TP_github_runner\actions-runner\bin
[2024-06-17 14:38:23Z INFO HostContext] Well known directory 'Bin': 'D:\Ynov\23-24\CI-CD\TP_github_runner\actions-runner\bin'
[2024-06-17 14:38:23Z INFO HostContext] Well known directory 'Root': 'D:\Ynov\23-24\CI-CD\TP_github_runner\actions-runner'
[2024-06-17 14:38:23Z INFO ConfigurationStore] RootFolder: D:\Ynov\23-24\CI-CD\TP_github_runner\actions-runner
[2024-06-17 14:38:23Z INFO HostContext] Well known directory 'Bin': 'D:\Ynov\23-24\CI-CD\TP_github_runner\actions-runner\bin'
[2024-06-17 14:38:23Z INFO HostContext] Well known directory 'Root': 'D:\Ynov\23-24\CI-CD\TP_github_runner\actions-runner'
[2024-06-17 14:38:23Z INFO HostContext] Well known config file 'Runner': 'D:\Ynov\23-24\CI-CD\TP_github_runner\actions-runner\.runner'
[2024-06-17 14:38:23Z INFO ConfigurationStore] ConfigFilePath: D:\Ynov\23-24\CI-CD\TP_github_runner\actions-runner\.runner
[2024-06-17 14:38:23Z INFO HostContext] Well known directory 'Bin': 'D:\Ynov\23-24\CI-CD\TP_github_runner\actions-runner\bin'
[2024-06-17 14:38:23Z INFO HostContext] Well known directory 'Root': 'D:\Ynov\23-24\CI-CD\TP_github_runner\actions-runner'
[2024-06-17 14:38:23Z INFO HostContext] Well known config file 'Credentials': 'D:\Ynov\23-24\CI-CD\TP_github_runner\actions-runner\.credentials'
[2024-06-17 14:38:23Z INFO ConfigurationStore] CredFilePath: D:\Ynov\23-24\CI-CD\TP_github_runner\actions-runner\.credentials
[2024-06-17 14:38:23Z INFO HostContext] Well known directory 'Bin': 'D:\Ynov\23-24\CI-CD\TP_github_runner\actions-runner\bin'
[2024-06-17 14:38:23Z INFO HostContext] Well known directory 'Root': 'D:\Ynov\23-24\CI-CD\TP_github_runner\actions-runner'
[2024-06-17 14:38:23Z INFO HostContext] Well known config file 'MigratedCredentials': 'D:\Ynov\23-24\CI-CD\TP_github_runner\actions-runner\.credentials_migrated'
[2024-06-17 14:38:23Z INFO ConfigurationStore] MigratedCredFilePath: D:\Ynov\23-24\CI-CD\TP_github_runner\actions-runner\.credentials_migrated
[2024-06-17 14:38:23Z INFO HostContext] Well known directory 'Bin': 'D:\Ynov\23-24\CI-CD\TP_github_runner\actions-runner\bin'
[2024-06-17 14:38:23Z INFO HostContext] Well known directory 'Root': 'D:\Ynov\23-24\CI-CD\TP_github_runner\actions-runner'
[2024-06-17 14:38:23Z INFO HostContext] Well known config file 'Service': 'D:\Ynov\23-24\CI-CD\TP_github_runner\actions-runner\.service'
[2024-06-17 14:38:23Z INFO ConfigurationStore] ServiceConfigFilePath: D:\Ynov\23-24\CI-CD\TP_github_runner\actions-runner\.service
[2024-06-17 14:38:23Z INFO ConfigurationStore] Read setting file: 323 chars
[2024-06-17 14:38:23Z INFO JobRunner] Creating job server with URL: https://pipelinesghubeus24.actions.githubusercontent.com/OgVuZ92auZmPcux8qEPs28XW3231s3gA5DI98alcwLZqvEXOM8/
[2024-06-17 14:38:23Z INFO GitHubActionsService] Starting operation Location.GetConnectionData
[2024-06-17 14:38:23Z INFO Worker] Listening for cancel message from the channel.
[2024-06-17 14:38:23Z INFO Worker] Waiting for the job to complete or for a cancel message from the channel.
[2024-06-17 14:38:24Z INFO GitHubActionsService] Finished operation Location.GetConnectionData
[2024-06-17 14:38:24Z INFO JobServer] Creating websocket client ...wss://results-receiver.actions.githubusercontent.com/_ws/ingest.sock
[2024-06-17 14:38:24Z INFO JobServer] Attempting to start websocket client with delay 00:00:00.
[2024-06-17 14:38:24Z INFO JobServerQueue] Initializing results client
[2024-06-17 14:38:24Z INFO JobServerQueue] Start process web console line queue.
[2024-06-17 14:38:24Z INFO JobServerQueue] Start process file upload queue.
[2024-06-17 14:38:24Z INFO JobServerQueue] Start results file upload queue.
[2024-06-17 14:38:24Z INFO JobServerQueue] Starting results-based upload queue...
[2024-06-17 14:38:24Z INFO JobServerQueue] Start process timeline update queue.
[2024-06-17 14:38:24Z INFO ExecutionContext] Initialize GitHub context
[2024-06-17 14:38:24Z INFO ExecutionContext] Initialize Env context
[2024-06-17 14:38:24Z INFO HostContext] Well known directory 'Bin': 'D:\Ynov\23-24\CI-CD\TP_github_runner\actions-runner\bin'
[2024-06-17 14:38:24Z INFO HostContext] Well known directory 'Root': 'D:\Ynov\23-24\CI-CD\TP_github_runner\actions-runner'
[2024-06-17 14:38:24Z INFO HostContext] Well known directory 'Diag': 'D:\Ynov\23-24\CI-CD\TP_github_runner\actions-runner\_diag'
[2024-06-17 14:38:24Z INFO HostContext] Well known directory 'Bin': 'D:\Ynov\23-24\CI-CD\TP_github_runner\actions-runner\bin'
[2024-06-17 14:38:24Z INFO HostContext] Well known directory 'Root': 'D:\Ynov\23-24\CI-CD\TP_github_runner\actions-runner'
[2024-06-17 14:38:24Z INFO HostContext] Well known directory 'Diag': 'D:\Ynov\23-24\CI-CD\TP_github_runner\actions-runner\_diag'
[2024-06-17 14:38:24Z INFO JobRunner] Starting the job execution context.
[2024-06-17 14:38:24Z INFO HostContext] Well known directory 'Bin': 'D:\Ynov\23-24\CI-CD\TP_github_runner\actions-runner\bin'
[2024-06-17 14:38:24Z INFO HostContext] Well known directory 'Root': 'D:\Ynov\23-24\CI-CD\TP_github_runner\actions-runner'
[2024-06-17 14:38:24Z INFO HostContext] Well known directory 'Work': 'D:\Ynov\23-24\CI-CD\TP_github_runner\actions-runner\_work'
[2024-06-17 14:38:24Z INFO JobRunner] Validating directory permissions for: 'D:\Ynov\23-24\CI-CD\TP_github_runner\actions-runner\_work'
[2024-06-17 14:38:24Z INFO HostContext] Well known directory 'Bin': 'D:\Ynov\23-24\CI-CD\TP_github_runner\actions-runner\bin'
[2024-06-17 14:38:24Z INFO HostContext] Well known directory 'Root': 'D:\Ynov\23-24\CI-CD\TP_github_runner\actions-runner'
[2024-06-17 14:38:24Z INFO HostContext] Well known directory 'Work': 'D:\Ynov\23-24\CI-CD\TP_github_runner\actions-runner\_work'
[2024-06-17 14:38:24Z INFO HostContext] Well known directory 'Tools': 'D:\Ynov\23-24\CI-CD\TP_github_runner\actions-runner\_work\_tool'
[2024-06-17 14:38:24Z INFO HostContext] Well known directory 'Bin': 'D:\Ynov\23-24\CI-CD\TP_github_runner\actions-runner\bin'
[2024-06-17 14:38:24Z INFO HostContext] Well known directory 'Root': 'D:\Ynov\23-24\CI-CD\TP_github_runner\actions-runner'
[2024-06-17 14:38:24Z INFO HostContext] Well known directory 'Work': 'D:\Ynov\23-24\CI-CD\TP_github_runner\actions-runner\_work'
[2024-06-17 14:38:24Z INFO HostContext] Well known directory 'Temp': 'D:\Ynov\23-24\CI-CD\TP_github_runner\actions-runner\_work\_temp'
[2024-06-17 14:38:24Z INFO JobRunner] Getting job extension.
[2024-06-17 14:38:24Z INFO JobRunner] Initialize job. Getting all job steps.
[2024-06-17 14:38:24Z INFO HostContext] Well known directory 'Bin': 'D:\Ynov\23-24\CI-CD\TP_github_runner\actions-runner\bin'
[2024-06-17 14:38:24Z INFO HostContext] Well known directory 'Root': 'D:\Ynov\23-24\CI-CD\TP_github_runner\actions-runner'
[2024-06-17 14:38:24Z INFO HostContext] Well known directory 'Diag': 'D:\Ynov\23-24\CI-CD\TP_github_runner\actions-runner\_diag'
[2024-06-17 14:38:24Z INFO HostContext] Well known directory 'Bin': 'D:\Ynov\23-24\CI-CD\TP_github_runner\actions-runner\bin'
[2024-06-17 14:38:24Z INFO HostContext] Well known directory 'Root': 'D:\Ynov\23-24\CI-CD\TP_github_runner\actions-runner'
[2024-06-17 14:38:24Z INFO HostContext] Well known directory 'Diag': 'D:\Ynov\23-24\CI-CD\TP_github_runner\actions-runner\_diag'
[2024-06-17 14:38:24Z INFO HostContext] Well known directory 'Bin': 'D:\Ynov\23-24\CI-CD\TP_github_runner\actions-runner\bin'
[2024-06-17 14:38:24Z INFO HostContext] Well known directory 'Root': 'D:\Ynov\23-24\CI-CD\TP_github_runner\actions-runner'
[2024-06-17 14:38:24Z INFO HostContext] Well known config file 'Credentials': 'D:\Ynov\23-24\CI-CD\TP_github_runner\actions-runner\.credentials'
[2024-06-17 14:38:24Z INFO HostContext] Well known directory 'Bin': 'D:\Ynov\23-24\CI-CD\TP_github_runner\actions-runner\bin'
[2024-06-17 14:38:24Z INFO HostContext] Well known directory 'Root': 'D:\Ynov\23-24\CI-CD\TP_github_runner\actions-runner'
[2024-06-17 14:38:24Z INFO HostContext] Well known config file 'SetupInfo': 'D:\Ynov\23-24\CI-CD\TP_github_runner\actions-runner\.setup_info'
[2024-06-17 14:38:24Z INFO HostContext] Well known directory 'Bin': 'D:\Ynov\23-24\CI-CD\TP_github_runner\actions-runner\bin'
[2024-06-17 14:38:24Z INFO HostContext] Well known directory 'Root': 'D:\Ynov\23-24\CI-CD\TP_github_runner\actions-runner'
[2024-06-17 14:38:24Z INFO HostContext] Well known directory 'Work': 'D:\Ynov\23-24\CI-CD\TP_github_runner\actions-runner\_work'
[2024-06-17 14:38:24Z INFO PipelineDirectoryManager] Loading tracking config if exists: D:\Ynov\23-24\CI-CD\TP_github_runner\actions-runner\_work\_PipelineMapping\raparisonbryan/TP_github_runners\PipelineFolder.json
[2024-06-17 14:38:24Z INFO PipelineDirectoryManager] Updating job run properties.
[2024-06-17 14:38:24Z INFO HostContext] Well known directory 'Bin': 'D:\Ynov\23-24\CI-CD\TP_github_runner\actions-runner\bin'
[2024-06-17 14:38:24Z INFO HostContext] Well known directory 'Root': 'D:\Ynov\23-24\CI-CD\TP_github_runner\actions-runner'
[2024-06-17 14:38:24Z INFO HostContext] Well known directory 'Work': 'D:\Ynov\23-24\CI-CD\TP_github_runner\actions-runner\_work'
[2024-06-17 14:38:24Z INFO HostContext] Well known directory 'Bin': 'D:\Ynov\23-24\CI-CD\TP_github_runner\actions-runner\bin'
[2024-06-17 14:38:24Z INFO HostContext] Well known directory 'Root': 'D:\Ynov\23-24\CI-CD\TP_github_runner\actions-runner'
[2024-06-17 14:38:24Z INFO HostContext] Well known directory 'Work': 'D:\Ynov\23-24\CI-CD\TP_github_runner\actions-runner\_work'
[2024-06-17 14:38:24Z INFO HostContext] Well known directory 'Bin': 'D:\Ynov\23-24\CI-CD\TP_github_runner\actions-runner\bin'
[2024-06-17 14:38:24Z INFO HostContext] Well known directory 'Root': 'D:\Ynov\23-24\CI-CD\TP_github_runner\actions-runner'
[2024-06-17 14:38:24Z INFO HostContext] Well known directory 'Work': 'D:\Ynov\23-24\CI-CD\TP_github_runner\actions-runner\_work'
[2024-06-17 14:38:24Z INFO JobExtension] Downloading actions
[2024-06-17 14:38:24Z INFO HostContext] Well known directory 'Bin': 'D:\Ynov\23-24\CI-CD\TP_github_runner\actions-runner\bin'
[2024-06-17 14:38:24Z INFO HostContext] Well known directory 'Root': 'D:\Ynov\23-24\CI-CD\TP_github_runner\actions-runner'
[2024-06-17 14:38:24Z INFO HostContext] Well known directory 'Work': 'D:\Ynov\23-24\CI-CD\TP_github_runner\actions-runner\_work'
[2024-06-17 14:38:24Z INFO HostContext] Well known directory 'Actions': 'D:\Ynov\23-24\CI-CD\TP_github_runner\actions-runner\_work\_actions'
[2024-06-17 14:38:24Z INFO JobServer] Successfully started websocket client.
[2024-06-17 14:38:24Z INFO JobServerQueue] Try to append 1 batches web console lines for record '524f64c0-c898-4851-8b0f-9c03ecd20614', success rate: 1/1.
[2024-06-17 14:38:24Z INFO HostContext] Well known directory 'Bin': 'D:\Ynov\23-24\CI-CD\TP_github_runner\actions-runner\bin'
[2024-06-17 14:38:24Z INFO HostContext] Well known directory 'Root': 'D:\Ynov\23-24\CI-CD\TP_github_runner\actions-runner'
[2024-06-17 14:38:24Z INFO HostContext] Well known directory 'Work': 'D:\Ynov\23-24\CI-CD\TP_github_runner\actions-runner\_work'
[2024-06-17 14:38:24Z INFO HostContext] Well known directory 'Actions': 'D:\Ynov\23-24\CI-CD\TP_github_runner\actions-runner\_work\_actions'
[2024-06-17 14:38:24Z INFO HostContext] Well known directory 'Bin': 'D:\Ynov\23-24\CI-CD\TP_github_runner\actions-runner\bin'
[2024-06-17 14:38:24Z INFO HostContext] Well known directory 'Root': 'D:\Ynov\23-24\CI-CD\TP_github_runner\actions-runner'
[2024-06-17 14:38:24Z INFO HostContext] Well known directory 'Work': 'D:\Ynov\23-24\CI-CD\TP_github_runner\actions-runner\_work'
[2024-06-17 14:38:24Z INFO HostContext] Well known directory 'Actions': 'D:\Ynov\23-24\CI-CD\TP_github_runner\actions-runner\_work\_actions'
[2024-06-17 14:38:24Z INFO ActionManager] Save archive 'https://api.github.com/repos/actions/checkout/zipball/ee0669bd1cc54295c223e0bb666b733df41de1c5' into D:\Ynov\23-24\CI-CD\TP_github_runner\actions-runner\_work\_actions\_temp_7be9b5e0-3651-44c0-bd50-f30c72d6d023\feefab97-159c-46b0-bec9-69b33f27f4bb.zip.
[2024-06-17 14:38:25Z INFO JobServerQueue] Try to append 1 batches web console lines for record '524f64c0-c898-4851-8b0f-9c03ecd20614', success rate: 1/1.
[2024-06-17 14:38:25Z INFO JobServerQueue] Job timeline record has been updated for the first time.
[2024-06-17 14:38:25Z INFO ActionManager] Request URL: https://api.github.com/repos/actions/checkout/zipball/ee0669bd1cc54295c223e0bb666b733df41de1c5 X-GitHub-Request-Id: CA7B:167547:13A6EA:15B321:66704A61 Http Status: OK
[2024-06-17 14:38:26Z INFO ActionManager] Finished getting action repository.
[2024-06-17 14:38:26Z INFO HostContext] Well known directory 'Bin': 'D:\Ynov\23-24\CI-CD\TP_github_runner\actions-runner\bin'
[2024-06-17 14:38:26Z INFO HostContext] Well known directory 'Root': 'D:\Ynov\23-24\CI-CD\TP_github_runner\actions-runner'
[2024-06-17 14:38:26Z INFO HostContext] Well known directory 'Work': 'D:\Ynov\23-24\CI-CD\TP_github_runner\actions-runner\_work'
[2024-06-17 14:38:26Z INFO HostContext] Well known directory 'Actions': 'D:\Ynov\23-24\CI-CD\TP_github_runner\actions-runner\_work\_actions'
[2024-06-17 14:38:26Z INFO ActionManifestManager] Load schema file with definitions: [
  "null",
  "boolean",
  "number",
  "string",
  "sequence",
  "mapping",
  "any",
  "action-root",
  "inputs",
  "input",
  "outputs",
  "output-definition",
  "runs",
  "container-runs",
  "container-runs-args",
  "container-runs-env",
  "node-runs",
  "plugin-runs",
  "composite-runs",
  "composite-steps",
  "composite-step",
  "run-step",
  "uses-step",
  "container-runs-context",
  "output-value",
  "input-default-context",
  "non-empty-string",
  "string-steps-context",
  "boolean-steps-context",
  "step-env",
  "step-if",
  "step-with"
]
[2024-06-17 14:38:26Z INFO HostContext] Well known directory 'Bin': 'D:\Ynov\23-24\CI-CD\TP_github_runner\actions-runner\bin'
[2024-06-17 14:38:26Z INFO HostContext] Well known directory 'Root': 'D:\Ynov\23-24\CI-CD\TP_github_runner\actions-runner'
[2024-06-17 14:38:26Z INFO HostContext] Well known directory 'Work': 'D:\Ynov\23-24\CI-CD\TP_github_runner\actions-runner\_work'
[2024-06-17 14:38:26Z INFO HostContext] Well known directory 'Actions': 'D:\Ynov\23-24\CI-CD\TP_github_runner\actions-runner\_work\_actions'
[2024-06-17 14:38:26Z INFO ActionManifestManager] Loaded action.yml file: {
  "name": "Checkout",
  "description": "Checkout a Git repository at a particular version",
  "inputs": {
    "type": 2,
    "map": [
      {
        "key": {
          "type": 0,
          "file": 2,
          "line": 4,
          "col": 3,
          "lit": "repository"
        },
        "value": {
          "type": 3,
          "file": 2,
          "line": 6,
          "col": 14,
          "expr": "github.repository"
        }
      },
      {
        "key": {
          "type": 0,
          "file": 2,
          "line": 7,
          "col": 3,
          "lit": "ref"
        },
        "value": ""
      },
      {
        "key": {
          "type": 0,
          "file": 2,
          "line": 12,
          "col": 3,
          "lit": "token"
        },
        "value": {
          "type": 3,
          "file": 2,
          "line": 24,
          "col": 14,
          "expr": "github.token"
        }
      },
      {
        "key": {
          "type": 0,
          "file": 2,
          "line": 25,
          "col": 3,
          "lit": "ssh-key"
        },
        "value": ""
      },
      {
        "key": {
          "type": 0,
          "file": 2,
          "line": 37,
          "col": 3,
          "lit": "ssh-known-hosts"
        },
        "value": ""
      },
      {
        "key": {
          "type": 0,
          "file": 2,
          "line": 42,
          "col": 3,
          "lit": "ssh-strict"
        },
        "value": {
          "type": 0,
          "file": 2,
          "line": 47,
          "col": 14,
          "lit": "true"
        }
      },
      {
        "key": {
          "type": 0,
          "file": 2,
          "line": 48,
          "col": 3,
          "lit": "persist-credentials"
        },
        "value": {
          "type": 0,
          "file": 2,
          "line": 50,
          "col": 14,
          "lit": "true"
        }
      },
      {
        "key": {
          "type": 0,
          "file": 2,
          "line": 51,
          "col": 3,
          "lit": "path"
        },
        "value": ""
      },
      {
        "key": {
          "type": 0,
          "file": 2,
          "line": 53,
          "col": 3,
          "lit": "clean"
        },
        "value": {
          "type": 0,
          "file": 2,
          "line": 55,
          "col": 14,
          "lit": "true"
        }
      },
      {
        "key": {
          "type": 0,
          "file": 2,
          "line": 56,
          "col": 3,
          "lit": "fetch-depth"
        },
        "value": {
          "type": 0,
          "file": 2,
          "line": 58,
          "col": 14,
          "lit": "1"
        }
      },
      {
        "key": {
          "type": 0,
          "file": 2,
          "line": 59,
          "col": 3,
          "lit": "lfs"
        },
        "value": {
          "type": 0,
          "file": 2,
          "line": 61,
          "col": 14,
          "lit": "false"
        }
      },
      {
        "key": {
          "type": 0,
          "file": 2,
          "line": 62,
          "col": 3,
          "lit": "submodules"
        },
        "value": {
          "type": 0,
          "file": 2,
          "line": 70,
          "col": 14,
          "lit": "false"
        }
      },
      {
        "key": {
          "type": 0,
          "file": 2,
          "line": 71,
          "col": 3,
          "lit": "set-safe-directory"
        },
        "value": {
          "type": 0,
          "file": 2,
          "line": 73,
          "col": 14,
          "lit": "true"
        }
      }
    ]
  },
  "execution": {
    "executionType": "nodeJS",
    "hasPre": false,
    "hasPost": true,
    "script": "dist/index.js",
    "pre": null,
    "post": "dist/index.js",
    "nodeVersion": "node12",
    "cleanupCondition": "always()",
    "initCondition": "always()"
  },
  "deprecated": null
}
[2024-06-17 14:38:26Z INFO ActionManager] Action node.js file: dist/index.js, no more preparation.
[2024-06-17 14:38:26Z INFO HostContext] Well known directory 'Bin': 'D:\Ynov\23-24\CI-CD\TP_github_runner\actions-runner\bin'
[2024-06-17 14:38:26Z INFO HostContext] Well known directory 'Root': 'D:\Ynov\23-24\CI-CD\TP_github_runner\actions-runner'
[2024-06-17 14:38:26Z INFO HostContext] Well known directory 'Work': 'D:\Ynov\23-24\CI-CD\TP_github_runner\actions-runner\_work'
[2024-06-17 14:38:26Z INFO HostContext] Well known directory 'Actions': 'D:\Ynov\23-24\CI-CD\TP_github_runner\actions-runner\_work\_actions'
[2024-06-17 14:38:26Z INFO ActionManager] Load action that reference repository from 'D:\Ynov\23-24\CI-CD\TP_github_runner\actions-runner\_work\_actions\actions\checkout\v2'
[2024-06-17 14:38:26Z INFO HostContext] Well known directory 'Bin': 'D:\Ynov\23-24\CI-CD\TP_github_runner\actions-runner\bin'
[2024-06-17 14:38:26Z INFO HostContext] Well known directory 'Root': 'D:\Ynov\23-24\CI-CD\TP_github_runner\actions-runner'
[2024-06-17 14:38:26Z INFO HostContext] Well known directory 'Work': 'D:\Ynov\23-24\CI-CD\TP_github_runner\actions-runner\_work'
[2024-06-17 14:38:26Z INFO HostContext] Well known directory 'Actions': 'D:\Ynov\23-24\CI-CD\TP_github_runner\actions-runner\_work\_actions'
[2024-06-17 14:38:26Z INFO ActionManifestManager] Loaded action.yml file: {
  "name": "Checkout",
  "description": "Checkout a Git repository at a particular version",
  "inputs": {
    "type": 2,
    "map": [
      {
        "key": {
          "type": 0,
          "file": 2,
          "line": 4,
          "col": 3,
          "lit": "repository"
        },
        "value": {
          "type": 3,
          "file": 2,
          "line": 6,
          "col": 14,
          "expr": "github.repository"
        }
      },
      {
        "key": {
          "type": 0,
          "file": 2,
          "line": 7,
          "col": 3,
          "lit": "ref"
        },
        "value": ""
      },
      {
        "key": {
          "type": 0,
          "file": 2,
          "line": 12,
          "col": 3,
          "lit": "token"
        },
        "value": {
          "type": 3,
          "file": 2,
          "line": 24,
          "col": 14,
          "expr": "github.token"
        }
      },
      {
        "key": {
          "type": 0,
          "file": 2,
          "line": 25,
          "col": 3,
          "lit": "ssh-key"
        },
        "value": ""
      },
      {
        "key": {
          "type": 0,
          "file": 2,
          "line": 37,
          "col": 3,
          "lit": "ssh-known-hosts"
        },
        "value": ""
      },
      {
        "key": {
          "type": 0,
          "file": 2,
          "line": 42,
          "col": 3,
          "lit": "ssh-strict"
        },
        "value": {
          "type": 0,
          "file": 2,
          "line": 47,
          "col": 14,
          "lit": "true"
        }
      },
      {
        "key": {
          "type": 0,
          "file": 2,
          "line": 48,
          "col": 3,
          "lit": "persist-credentials"
        },
        "value": {
          "type": 0,
          "file": 2,
          "line": 50,
          "col": 14,
          "lit": "true"
        }
      },
      {
        "key": {
          "type": 0,
          "file": 2,
          "line": 51,
          "col": 3,
          "lit": "path"
        },
        "value": ""
      },
      {
        "key": {
          "type": 0,
          "file": 2,
          "line": 53,
          "col": 3,
          "lit": "clean"
        },
        "value": {
          "type": 0,
          "file": 2,
          "line": 55,
          "col": 14,
          "lit": "true"
        }
      },
      {
        "key": {
          "type": 0,
          "file": 2,
          "line": 56,
          "col": 3,
          "lit": "fetch-depth"
        },
        "value": {
          "type": 0,
          "file": 2,
          "line": 58,
          "col": 14,
          "lit": "1"
        }
      },
      {
        "key": {
          "type": 0,
          "file": 2,
          "line": 59,
          "col": 3,
          "lit": "lfs"
        },
        "value": {
          "type": 0,
          "file": 2,
          "line": 61,
          "col": 14,
          "lit": "false"
        }
      },
      {
        "key": {
          "type": 0,
          "file": 2,
          "line": 62,
          "col": 3,
          "lit": "submodules"
        },
        "value": {
          "type": 0,
          "file": 2,
          "line": 70,
          "col": 14,
          "lit": "false"
        }
      },
      {
        "key": {
          "type": 0,
          "file": 2,
          "line": 71,
          "col": 3,
          "lit": "set-safe-directory"
        },
        "value": {
          "type": 0,
          "file": 2,
          "line": 73,
          "col": 14,
          "lit": "true"
        }
      }
    ]
  },
  "execution": {
    "executionType": "nodeJS",
    "hasPre": false,
    "hasPost": true,
    "script": "dist/index.js",
    "pre": null,
    "post": "dist/index.js",
    "nodeVersion": "node12",
    "cleanupCondition": "always()",
    "initCondition": "always()"
  },
  "deprecated": null
}
[2024-06-17 14:38:26Z INFO ActionManager] Action pre node.js file: N/A.
[2024-06-17 14:38:26Z INFO ActionManager] Action node.js file: dist/index.js.
[2024-06-17 14:38:26Z INFO ActionManager] Action post node.js file: dist/index.js.
[2024-06-17 14:38:26Z INFO JobExtension] Adding .
[2024-06-17 14:38:26Z INFO JobExtension] Adding .
[2024-06-17 14:38:26Z INFO JobExtension] Adding .
[2024-06-17 14:38:26Z INFO JobExtension] Adding .
[2024-06-17 14:38:26Z INFO JobExtension] Adding .
[2024-06-17 14:38:26Z INFO JobExtension] Adding .
[2024-06-17 14:38:26Z INFO HostContext] Well known directory 'Bin': 'D:\Ynov\23-24\CI-CD\TP_github_runner\actions-runner\bin'
[2024-06-17 14:38:26Z INFO HostContext] Well known directory 'Root': 'D:\Ynov\23-24\CI-CD\TP_github_runner\actions-runner'
[2024-06-17 14:38:26Z INFO HostContext] Well known directory 'Diag': 'D:\Ynov\23-24\CI-CD\TP_github_runner\actions-runner\_diag'
[2024-06-17 14:38:26Z INFO HostContext] Well known directory 'Bin': 'D:\Ynov\23-24\CI-CD\TP_github_runner\actions-runner\bin'
[2024-06-17 14:38:26Z INFO HostContext] Well known directory 'Root': 'D:\Ynov\23-24\CI-CD\TP_github_runner\actions-runner'
[2024-06-17 14:38:26Z INFO HostContext] Well known directory 'Diag': 'D:\Ynov\23-24\CI-CD\TP_github_runner\actions-runner\_diag'
[2024-06-17 14:38:26Z INFO HostContext] Well known directory 'Bin': 'D:\Ynov\23-24\CI-CD\TP_github_runner\actions-runner\bin'
[2024-06-17 14:38:26Z INFO HostContext] Well known directory 'Root': 'D:\Ynov\23-24\CI-CD\TP_github_runner\actions-runner'
[2024-06-17 14:38:26Z INFO HostContext] Well known directory 'Diag': 'D:\Ynov\23-24\CI-CD\TP_github_runner\actions-runner\_diag'
[2024-06-17 14:38:26Z INFO HostContext] Well known directory 'Bin': 'D:\Ynov\23-24\CI-CD\TP_github_runner\actions-runner\bin'
[2024-06-17 14:38:26Z INFO HostContext] Well known directory 'Root': 'D:\Ynov\23-24\CI-CD\TP_github_runner\actions-runner'
[2024-06-17 14:38:26Z INFO HostContext] Well known directory 'Diag': 'D:\Ynov\23-24\CI-CD\TP_github_runner\actions-runner\_diag'
[2024-06-17 14:38:26Z INFO HostContext] Well known directory 'Bin': 'D:\Ynov\23-24\CI-CD\TP_github_runner\actions-runner\bin'
[2024-06-17 14:38:26Z INFO HostContext] Well known directory 'Root': 'D:\Ynov\23-24\CI-CD\TP_github_runner\actions-runner'
[2024-06-17 14:38:26Z INFO HostContext] Well known directory 'Diag': 'D:\Ynov\23-24\CI-CD\TP_github_runner\actions-runner\_diag'
[2024-06-17 14:38:26Z INFO HostContext] Well known directory 'Bin': 'D:\Ynov\23-24\CI-CD\TP_github_runner\actions-runner\bin'
[2024-06-17 14:38:26Z INFO HostContext] Well known directory 'Root': 'D:\Ynov\23-24\CI-CD\TP_github_runner\actions-runner'
[2024-06-17 14:38:26Z INFO HostContext] Well known directory 'Diag': 'D:\Ynov\23-24\CI-CD\TP_github_runner\actions-runner\_diag'
[2024-06-17 14:38:26Z INFO HostContext] Well known directory 'Bin': 'D:\Ynov\23-24\CI-CD\TP_github_runner\actions-runner\bin'
[2024-06-17 14:38:26Z INFO HostContext] Well known directory 'Root': 'D:\Ynov\23-24\CI-CD\TP_github_runner\actions-runner'
[2024-06-17 14:38:26Z INFO HostContext] Well known directory 'Diag': 'D:\Ynov\23-24\CI-CD\TP_github_runner\actions-runner\_diag'
[2024-06-17 14:38:26Z INFO HostContext] Well known directory 'Bin': 'D:\Ynov\23-24\CI-CD\TP_github_runner\actions-runner\bin'
[2024-06-17 14:38:26Z INFO HostContext] Well known directory 'Root': 'D:\Ynov\23-24\CI-CD\TP_github_runner\actions-runner'
[2024-06-17 14:38:26Z INFO HostContext] Well known directory 'Diag': 'D:\Ynov\23-24\CI-CD\TP_github_runner\actions-runner\_diag'
[2024-06-17 14:38:26Z INFO HostContext] Well known directory 'Bin': 'D:\Ynov\23-24\CI-CD\TP_github_runner\actions-runner\bin'
[2024-06-17 14:38:26Z INFO HostContext] Well known directory 'Root': 'D:\Ynov\23-24\CI-CD\TP_github_runner\actions-runner'
[2024-06-17 14:38:26Z INFO HostContext] Well known directory 'Diag': 'D:\Ynov\23-24\CI-CD\TP_github_runner\actions-runner\_diag'
[2024-06-17 14:38:26Z INFO HostContext] Well known directory 'Bin': 'D:\Ynov\23-24\CI-CD\TP_github_runner\actions-runner\bin'
[2024-06-17 14:38:26Z INFO HostContext] Well known directory 'Root': 'D:\Ynov\23-24\CI-CD\TP_github_runner\actions-runner'
[2024-06-17 14:38:26Z INFO HostContext] Well known directory 'Diag': 'D:\Ynov\23-24\CI-CD\TP_github_runner\actions-runner\_diag'
[2024-06-17 14:38:26Z INFO HostContext] Well known directory 'Bin': 'D:\Ynov\23-24\CI-CD\TP_github_runner\actions-runner\bin'
[2024-06-17 14:38:26Z INFO HostContext] Well known directory 'Root': 'D:\Ynov\23-24\CI-CD\TP_github_runner\actions-runner'
[2024-06-17 14:38:26Z INFO HostContext] Well known directory 'Diag': 'D:\Ynov\23-24\CI-CD\TP_github_runner\actions-runner\_diag'
[2024-06-17 14:38:26Z INFO HostContext] Well known directory 'Bin': 'D:\Ynov\23-24\CI-CD\TP_github_runner\actions-runner\bin'
[2024-06-17 14:38:26Z INFO HostContext] Well known directory 'Root': 'D:\Ynov\23-24\CI-CD\TP_github_runner\actions-runner'
[2024-06-17 14:38:26Z INFO HostContext] Well known directory 'Diag': 'D:\Ynov\23-24\CI-CD\TP_github_runner\actions-runner\_diag'
[2024-06-17 14:38:26Z INFO JobExtension] Total accessible running process: 390.
[2024-06-17 14:38:26Z INFO HostContext] Well known directory 'Bin': 'D:\Ynov\23-24\CI-CD\TP_github_runner\actions-runner\bin'
[2024-06-17 14:38:26Z INFO HostContext] Well known directory 'Root': 'D:\Ynov\23-24\CI-CD\TP_github_runner\actions-runner'
[2024-06-17 14:38:26Z INFO HostContext] Well known directory 'Work': 'D:\Ynov\23-24\CI-CD\TP_github_runner\actions-runner\_work'
[2024-06-17 14:38:26Z INFO JobExtension] Start checking server connectivity.
[2024-06-17 14:38:26Z INFO JobExtension] Check server connectivity for https://acghubeus0.actions.githubusercontent.com/_apis/health.
[2024-06-17 14:38:26Z INFO JobExtension] Check server connectivity for https://results-receiver.actions.githubusercontent.com/health.
[2024-06-17 14:38:26Z INFO JobExtension] Check server connectivity for https://actions-results-receiver-production.githubapp.com/health.
[2024-06-17 14:38:26Z INFO JobExtension] Check server connectivity for https://pipelinesghubeus24.actions.githubusercontent.com/_apis/health.
[2024-06-17 14:38:26Z INFO ExecutionContext] Publish step telemetry for current step {
  "action": "setup_job",
  "type": "runner",
  "stage": "Pre",
  "stepId": "524f64c0-c898-4851-8b0f-9c03ecd20614",
  "result": "succeeded",
  "errorMessages": [],
  "executionTimeInSeconds": 2,
  "startTime": "2024-06-17T14:38:24.4992348Z",
  "finishTime": "2024-06-17T14:38:26.4548112Z"
}.
[2024-06-17 14:38:26Z INFO JobRunner] Total job steps: 6.
[2024-06-17 14:38:26Z INFO JobRunner] Run all job steps.
[2024-06-17 14:38:26Z INFO StepsRunner] Processing step: DisplayName='Configure Git to support long paths'
[2024-06-17 14:38:26Z INFO StepsRunner] Evaluating: success()
[2024-06-17 14:38:26Z INFO StepsRunner] Result: true
[2024-06-17 14:38:26Z INFO StepsRunner] Starting the step.
[2024-06-17 14:38:26Z INFO HostContext] Well known directory 'Bin': 'D:\Ynov\23-24\CI-CD\TP_github_runner\actions-runner\bin'
[2024-06-17 14:38:26Z INFO HostContext] Well known directory 'Root': 'D:\Ynov\23-24\CI-CD\TP_github_runner\actions-runner'
[2024-06-17 14:38:26Z INFO HostContext] Well known directory 'Work': 'D:\Ynov\23-24\CI-CD\TP_github_runner\actions-runner\_work'
[2024-06-17 14:38:26Z INFO JobServerQueue] Try to append 1 batches web console lines for record '524f64c0-c898-4851-8b0f-9c03ecd20614', success rate: 1/1.
[2024-06-17 14:38:26Z INFO StepsRunner] Which2: 'chcp'
[2024-06-17 14:38:26Z INFO StepsRunner] Location: 'C:\Windows\system32\chcp.COM'
[2024-06-17 14:38:26Z INFO ProcessInvokerWrapper] Starting process:
[2024-06-17 14:38:26Z INFO ProcessInvokerWrapper]   File name: 'C:\Windows\system32\chcp.COM'
[2024-06-17 14:38:26Z INFO ProcessInvokerWrapper]   Arguments: '65001'
[2024-06-17 14:38:26Z INFO ProcessInvokerWrapper]   Working directory: 'D:\Ynov\23-24\CI-CD\TP_github_runner\actions-runner\_work'
[2024-06-17 14:38:26Z INFO ProcessInvokerWrapper]   Require exit code zero: 'False'
[2024-06-17 14:38:26Z INFO ProcessInvokerWrapper]   Encoding web name:  ; code page: ''
[2024-06-17 14:38:26Z INFO ProcessInvokerWrapper]   Force kill process on cancellation: 'False'
[2024-06-17 14:38:26Z INFO ProcessInvokerWrapper]   Redirected STDIN: 'False'
[2024-06-17 14:38:26Z INFO ProcessInvokerWrapper]   Persist current code page: 'True'
[2024-06-17 14:38:26Z INFO ProcessInvokerWrapper]   Keep redirected STDIN open: 'False'
[2024-06-17 14:38:26Z INFO ProcessInvokerWrapper]   High priority process: 'False'
[2024-06-17 14:38:26Z INFO ProcessInvokerWrapper] Process started with process id 36692, waiting for process exit.
[2024-06-17 14:38:26Z INFO ProcessInvokerWrapper] STDOUT/STDERR stream read finished.
[2024-06-17 14:38:26Z INFO ProcessInvokerWrapper] STDOUT/STDERR stream read finished.
[2024-06-17 14:38:26Z INFO ProcessInvokerWrapper] Finished process 36692 with exit code 0, and elapsed time 00:00:00.0253117.
[2024-06-17 14:38:26Z INFO StepsRunner] Successfully returned to code page 65001 (UTF8)
[2024-06-17 14:38:26Z INFO HostContext] Well known directory 'Bin': 'D:\Ynov\23-24\CI-CD\TP_github_runner\actions-runner\bin'
[2024-06-17 14:38:26Z INFO HostContext] Well known directory 'Root': 'D:\Ynov\23-24\CI-CD\TP_github_runner\actions-runner'
[2024-06-17 14:38:26Z INFO HostContext] Well known directory 'Work': 'D:\Ynov\23-24\CI-CD\TP_github_runner\actions-runner\_work'
[2024-06-17 14:38:26Z INFO HostContext] Well known directory 'Temp': 'D:\Ynov\23-24\CI-CD\TP_github_runner\actions-runner\_work\_temp'
[2024-06-17 14:38:26Z INFO ExecutionContext] Write event payload to D:\Ynov\23-24\CI-CD\TP_github_runner\actions-runner\_work\_temp\_github_workflow\event.json
[2024-06-17 14:38:26Z INFO HostContext] Well known directory 'Bin': 'D:\Ynov\23-24\CI-CD\TP_github_runner\actions-runner\bin'
[2024-06-17 14:38:26Z INFO HostContext] Well known directory 'Root': 'D:\Ynov\23-24\CI-CD\TP_github_runner\actions-runner'
[2024-06-17 14:38:26Z INFO HostContext] Well known directory 'Work': 'D:\Ynov\23-24\CI-CD\TP_github_runner\actions-runner\_work'
[2024-06-17 14:38:26Z INFO HostContext] Well known directory 'Temp': 'D:\Ynov\23-24\CI-CD\TP_github_runner\actions-runner\_work\_temp'
[2024-06-17 14:38:26Z INFO ExtensionManager] Getting extensions for interface: 'GitHub.Runner.Worker.IFileCommandExtension'
[2024-06-17 14:38:26Z INFO ExtensionManager] Creating instance: GitHub.Runner.Worker.AddPathFileCommand, Runner.Worker
[2024-06-17 14:38:26Z INFO ExtensionManager] Creating instance: GitHub.Runner.Worker.SetEnvFileCommand, Runner.Worker
[2024-06-17 14:38:26Z INFO ExtensionManager] Creating instance: GitHub.Runner.Worker.CreateStepSummaryCommand, Runner.Worker
[2024-06-17 14:38:26Z INFO ExtensionManager] Creating instance: GitHub.Runner.Worker.SaveStateFileCommand, Runner.Worker
[2024-06-17 14:38:26Z INFO ExtensionManager] Creating instance: GitHub.Runner.Worker.SetOutputFileCommand, Runner.Worker
[2024-06-17 14:38:26Z INFO ExtensionManager] Getting extensions for interface: 'GitHub.Runner.Worker.IActionCommandExtension'
[2024-06-17 14:38:26Z INFO ExtensionManager] Creating instance: GitHub.Runner.Worker.InternalPluginSetRepoPathCommandExtension, Runner.Worker
[2024-06-17 14:38:26Z INFO ExtensionManager] Creating instance: GitHub.Runner.Worker.SetEnvCommandExtension, Runner.Worker
[2024-06-17 14:38:26Z INFO ExtensionManager] Creating instance: GitHub.Runner.Worker.SetOutputCommandExtension, Runner.Worker
[2024-06-17 14:38:26Z INFO ExtensionManager] Creating instance: GitHub.Runner.Worker.SaveStateCommandExtension, Runner.Worker
[2024-06-17 14:38:26Z INFO ExtensionManager] Creating instance: GitHub.Runner.Worker.AddPathCommandExtension, Runner.Worker
[2024-06-17 14:38:26Z INFO ExtensionManager] Creating instance: GitHub.Runner.Worker.AddMaskCommandExtension, Runner.Worker
[2024-06-17 14:38:26Z INFO ExtensionManager] Creating instance: GitHub.Runner.Worker.AddMatcherCommandExtension, Runner.Worker
[2024-06-17 14:38:26Z INFO ExtensionManager] Creating instance: GitHub.Runner.Worker.RemoveMatcherCommandExtension, Runner.Worker
[2024-06-17 14:38:26Z INFO ExtensionManager] Creating instance: GitHub.Runner.Worker.WarningCommandExtension, Runner.Worker
[2024-06-17 14:38:26Z INFO ExtensionManager] Creating instance: GitHub.Runner.Worker.ErrorCommandExtension, Runner.Worker
[2024-06-17 14:38:26Z INFO ExtensionManager] Creating instance: GitHub.Runner.Worker.NoticeCommandExtension, Runner.Worker
[2024-06-17 14:38:26Z INFO ExtensionManager] Creating instance: GitHub.Runner.Worker.DebugCommandExtension, Runner.Worker
[2024-06-17 14:38:26Z INFO ExtensionManager] Creating instance: GitHub.Runner.Worker.GroupCommandExtension, Runner.Worker
[2024-06-17 14:38:26Z INFO ExtensionManager] Creating instance: GitHub.Runner.Worker.EndGroupCommandExtension, Runner.Worker
[2024-06-17 14:38:26Z INFO ExtensionManager] Creating instance: GitHub.Runner.Worker.EchoCommandExtension, Runner.Worker
[2024-06-17 14:38:26Z INFO ActionCommandManager] Register action command extension for command internal-set-repo-path
[2024-06-17 14:38:26Z INFO ActionCommandManager] Register action command extension for command set-env
[2024-06-17 14:38:26Z INFO ActionCommandManager] Register action command extension for command set-output
[2024-06-17 14:38:26Z INFO ActionCommandManager] Register action command extension for command save-state
[2024-06-17 14:38:26Z INFO ActionCommandManager] Register action command extension for command add-path
[2024-06-17 14:38:26Z INFO ActionCommandManager] Register action command extension for command add-mask
[2024-06-17 14:38:26Z INFO ActionCommandManager] Register action command extension for command add-matcher
[2024-06-17 14:38:26Z INFO ActionCommandManager] Register action command extension for command remove-matcher
[2024-06-17 14:38:26Z INFO ActionCommandManager] Register action command extension for command warning
[2024-06-17 14:38:26Z INFO ActionCommandManager] Register action command extension for command error
[2024-06-17 14:38:26Z INFO ActionCommandManager] Register action command extension for command notice
[2024-06-17 14:38:26Z INFO ActionCommandManager] Register action command extension for command debug
[2024-06-17 14:38:26Z INFO ActionCommandManager] Register action command extension for command group
[2024-06-17 14:38:26Z INFO ActionCommandManager] Register action command extension for command endgroup
[2024-06-17 14:38:26Z INFO ActionCommandManager] Register action command extension for command echo
[2024-06-17 14:38:26Z INFO ScriptHandler] Which2: 'pwsh'
[2024-06-17 14:38:26Z INFO ScriptHandler] pwsh: command not found. Make sure 'pwsh' is installed and its location included in the 'Path' environment variable.
[2024-06-17 14:38:26Z INFO ScriptHandler] Defaulting to powershell
[2024-06-17 14:38:26Z INFO ScriptHandler] Which2: 'powershell'
[2024-06-17 14:38:26Z INFO ScriptHandler] Location: 'C:\Windows\System32\WindowsPowerShell\v1.0\powershell.EXE'
[2024-06-17 14:38:26Z INFO HostContext] Well known directory 'Bin': 'D:\Ynov\23-24\CI-CD\TP_github_runner\actions-runner\bin'
[2024-06-17 14:38:26Z INFO HostContext] Well known directory 'Root': 'D:\Ynov\23-24\CI-CD\TP_github_runner\actions-runner'
[2024-06-17 14:38:26Z INFO HostContext] Well known directory 'Work': 'D:\Ynov\23-24\CI-CD\TP_github_runner\actions-runner\_work'
[2024-06-17 14:38:26Z INFO HostContext] Well known directory 'Temp': 'D:\Ynov\23-24\CI-CD\TP_github_runner\actions-runner\_work\_temp'
[2024-06-17 14:38:26Z INFO ScriptHandler] Which2: 'pwsh'
[2024-06-17 14:38:26Z INFO JobServerQueue] Try to append 1 batches web console lines for record 'df664e4f-7a3d-52d0-31f1-e619cb957574', success rate: 1/1.
[2024-06-17 14:38:26Z INFO ScriptHandler] pwsh: command not found. Make sure 'pwsh' is installed and its location included in the 'Path' environment variable.
[2024-06-17 14:38:26Z INFO ScriptHandler] Defaulting to powershell
[2024-06-17 14:38:26Z INFO ScriptHandler] Which2: 'powershell'
[2024-06-17 14:38:26Z INFO ScriptHandler] Location: 'C:\Windows\System32\WindowsPowerShell\v1.0\powershell.EXE'
[2024-06-17 14:38:26Z INFO ProcessInvokerWrapper] Starting process:
[2024-06-17 14:38:26Z INFO ProcessInvokerWrapper]   File name: 'C:\Windows\System32\WindowsPowerShell\v1.0\powershell.EXE'
[2024-06-17 14:38:26Z INFO ProcessInvokerWrapper]   Arguments: '-command ". 'D:\Ynov\23-24\CI-CD\TP_github_runner\actions-runner\_work\_temp\2a9c80a4-89a8-441d-a358-d1cdd3de46fd.ps1'"'
[2024-06-17 14:38:26Z INFO ProcessInvokerWrapper]   Working directory: 'D:\Ynov\23-24\CI-CD\TP_github_runner\actions-runner\_work\TP_github_runners\TP_github_runners'
[2024-06-17 14:38:26Z INFO ProcessInvokerWrapper]   Require exit code zero: 'False'
[2024-06-17 14:38:26Z INFO ProcessInvokerWrapper]   Encoding web name:  ; code page: ''
[2024-06-17 14:38:26Z INFO ProcessInvokerWrapper]   Force kill process on cancellation: 'False'
[2024-06-17 14:38:26Z INFO ProcessInvokerWrapper]   Redirected STDIN: 'False'
[2024-06-17 14:38:26Z INFO ProcessInvokerWrapper]   Persist current code page: 'True'
[2024-06-17 14:38:26Z INFO ProcessInvokerWrapper]   Keep redirected STDIN open: 'False'
[2024-06-17 14:38:26Z INFO ProcessInvokerWrapper]   High priority process: 'False'
[2024-06-17 14:38:26Z INFO ProcessInvokerWrapper] Process started with process id 6968, waiting for process exit.
[2024-06-17 14:38:27Z INFO JobServerQueue] Got a step log file to send to results service.
[2024-06-17 14:38:27Z INFO JobServerQueue] Starting upload of step log file to results service ResultsLog, D:\Ynov\23-24\CI-CD\TP_github_runner\actions-runner\_diag\blocks\8fbc81ad-7968-4297-beca-77a18d0562d4_524f64c0-c898-4851-8b0f-9c03ecd20614.1
[2024-06-17 14:38:27Z INFO JobServerQueue] Try to append 1 batches web console lines for record 'df664e4f-7a3d-52d0-31f1-e619cb957574', success rate: 1/1.
[2024-06-17 14:38:27Z INFO ProcessInvokerWrapper] STDOUT/STDERR stream read finished.
[2024-06-17 14:38:27Z INFO ProcessInvokerWrapper] STDOUT/STDERR stream read finished.
[2024-06-17 14:38:27Z INFO ProcessInvokerWrapper] Finished process 6968 with exit code 1, and elapsed time 00:00:00.6999449.
[2024-06-17 14:38:27Z INFO CreateStepSummaryCommand] Step Summary file (D:\Ynov\23-24\CI-CD\TP_github_runner\actions-runner\_work\_temp\_runner_file_commands\step_summary_59242f83-2014-428a-89ae-73a57ccdb631) is empty; skipping attachment upload
[2024-06-17 14:38:27Z INFO StepsRunner] Step result: Failed
[2024-06-17 14:38:27Z INFO ExecutionContext] Publish step telemetry for current step {
  "action": "powershell",
  "type": "run",
  "stage": "Main",
  "stepId": "df664e4f-7a3d-52d0-31f1-e619cb957574",
  "stepContextName": "__run",
  "result": "failed",
  "errorMessages": [
    "Process completed with exit code 1."
  ],
  "executionTimeInSeconds": 2,
  "startTime": "2024-06-17T14:38:26.4998395Z",
  "finishTime": "2024-06-17T14:38:27.6156416Z"
}.
[2024-06-17 14:38:27Z INFO StepsRunner] Update job result with current step result 'Failed'.
[2024-06-17 14:38:27Z INFO StepsRunner] Current state: job state = 'Failed'
[2024-06-17 14:38:27Z INFO StepsRunner] Processing step: DisplayName='Checkout repository'
[2024-06-17 14:38:27Z INFO StepsRunner] Evaluating: success()
[2024-06-17 14:38:27Z INFO StepsRunner] Result: false
[2024-06-17 14:38:27Z INFO StepsRunner] Skipping step due to condition evaluation.
[2024-06-17 14:38:27Z INFO StepsRunner] No need for updating job result with current step result 'Skipped'.
[2024-06-17 14:38:27Z INFO StepsRunner] Current state: job state = 'Failed'
[2024-06-17 14:38:27Z INFO StepsRunner] Processing step: DisplayName='Set up Docker Compose'
[2024-06-17 14:38:27Z INFO StepsRunner] Evaluating: success()
[2024-06-17 14:38:27Z INFO StepsRunner] Result: false
[2024-06-17 14:38:27Z INFO StepsRunner] Skipping step due to condition evaluation.
[2024-06-17 14:38:27Z INFO StepsRunner] No need for updating job result with current step result 'Skipped'.
[2024-06-17 14:38:27Z INFO StepsRunner] Current state: job state = 'Failed'
[2024-06-17 14:38:27Z INFO StepsRunner] Processing step: DisplayName='Wait for services to be up'
[2024-06-17 14:38:27Z INFO StepsRunner] Evaluating: success()
[2024-06-17 14:38:27Z INFO StepsRunner] Result: false
[2024-06-17 14:38:27Z INFO StepsRunner] Skipping step due to condition evaluation.
[2024-06-17 14:38:27Z INFO StepsRunner] No need for updating job result with current step result 'Skipped'.
[2024-06-17 14:38:27Z INFO StepsRunner] Current state: job state = 'Failed'
[2024-06-17 14:38:27Z INFO StepsRunner] Processing step: DisplayName='Test web page'
[2024-06-17 14:38:27Z INFO StepsRunner] Evaluating: success()
[2024-06-17 14:38:27Z INFO StepsRunner] Result: false
[2024-06-17 14:38:27Z INFO StepsRunner] Skipping step due to condition evaluation.
[2024-06-17 14:38:27Z INFO StepsRunner] No need for updating job result with current step result 'Skipped'.
[2024-06-17 14:38:27Z INFO StepsRunner] Current state: job state = 'Failed'
[2024-06-17 14:38:27Z INFO StepsRunner] Processing step: DisplayName='Stop Docker Compose'
[2024-06-17 14:38:27Z INFO StepsRunner] Evaluating: success()
[2024-06-17 14:38:27Z INFO StepsRunner] Result: false
[2024-06-17 14:38:27Z INFO StepsRunner] Skipping step due to condition evaluation.
[2024-06-17 14:38:27Z INFO StepsRunner] No need for updating job result with current step result 'Skipped'.
[2024-06-17 14:38:27Z INFO StepsRunner] Current state: job state = 'Failed'
[2024-06-17 14:38:27Z INFO JobRunner] Finalize job.
[2024-06-17 14:38:27Z INFO HostContext] Well known directory 'Bin': 'D:\Ynov\23-24\CI-CD\TP_github_runner\actions-runner\bin'
[2024-06-17 14:38:27Z INFO HostContext] Well known directory 'Root': 'D:\Ynov\23-24\CI-CD\TP_github_runner\actions-runner'
[2024-06-17 14:38:27Z INFO HostContext] Well known directory 'Diag': 'D:\Ynov\23-24\CI-CD\TP_github_runner\actions-runner\_diag'
[2024-06-17 14:38:27Z INFO HostContext] Well known directory 'Bin': 'D:\Ynov\23-24\CI-CD\TP_github_runner\actions-runner\bin'
[2024-06-17 14:38:27Z INFO HostContext] Well known directory 'Root': 'D:\Ynov\23-24\CI-CD\TP_github_runner\actions-runner'
[2024-06-17 14:38:27Z INFO HostContext] Well known directory 'Diag': 'D:\Ynov\23-24\CI-CD\TP_github_runner\actions-runner\_diag'
[2024-06-17 14:38:27Z INFO JobExtension] Initialize Env context
[2024-06-17 14:38:27Z INFO JobExtension] Initialize steps context
[2024-06-17 14:38:27Z INFO JobExtension] Total accessible running process: 390.
[2024-06-17 14:38:27Z INFO JobExtension] Wait for all connectivity checks to finish.
[2024-06-17 14:38:27Z INFO JobExtension] Connectivity check result: https://acghubeus0.actions.githubusercontent.com/_apis/health: OK
[2024-06-17 14:38:27Z INFO JobExtension] Connectivity check result: https://results-receiver.actions.githubusercontent.com/health: OK
[2024-06-17 14:38:27Z INFO JobExtension] Connectivity check result: https://actions-results-receiver-production.githubapp.com/health: OK
[2024-06-17 14:38:27Z INFO JobExtension] Connectivity check result: https://pipelinesghubeus24.actions.githubusercontent.com/_apis/health: OK
[2024-06-17 14:38:27Z INFO ExecutionContext] Publish step telemetry for current step {
  "action": "complete_job",
  "type": "runner",
  "stage": "Post",
  "stepId": "e6c16f02-d144-4e06-819f-bd3dd66edaa0",
  "result": "succeeded",
  "errorMessages": [],
  "executionTimeInSeconds": 1,
  "startTime": "2024-06-17T14:38:27.6638485Z",
  "finishTime": "2024-06-17T14:38:27.6996417Z"
}.
[2024-06-17 14:38:27Z INFO JobRunner] Job result after all job steps finish: Failed
[2024-06-17 14:38:27Z INFO JobRunner] Completing the job execution context.
[2024-06-17 14:38:27Z INFO JobServerQueue] Try to upload 1 log files or attachments, success rate: 1/1.
[2024-06-17 14:38:27Z INFO JobRunner] Shutting down the job server queue.
[2024-06-17 14:38:27Z INFO JobServerQueue] Fire signal to shutdown all queues.
[2024-06-17 14:38:28Z INFO JobServerQueue] Tried to upload 1 file(s) to results, success rate: 1/1.
[2024-06-17 14:38:29Z INFO JobServerQueue] All queue process task stopped.
[2024-06-17 14:38:29Z INFO JobServerQueue] Try to append 1 batches web console lines for record 'df664e4f-7a3d-52d0-31f1-e619cb957574', success rate: 1/1.
[2024-06-17 14:38:29Z INFO JobServerQueue] Try to append 1 batches web console lines for record 'e6c16f02-d144-4e06-819f-bd3dd66edaa0', success rate: 1/1.
[2024-06-17 14:38:29Z INFO JobServerQueue] Web console line queue drained.
[2024-06-17 14:38:29Z INFO JobServerQueue] Uploading 3 files in one shot.
[2024-06-17 14:38:30Z INFO JobServerQueue] Try to upload 3 log files or attachments, success rate: 3/3.
[2024-06-17 14:38:30Z INFO JobServerQueue] File upload queue drained.
[2024-06-17 14:38:30Z INFO JobServerQueue] Starting results-based upload queue...
[2024-06-17 14:38:30Z INFO JobServerQueue] Uploading 3 file(s) in one shot through results service.
[2024-06-17 14:38:30Z INFO JobServerQueue] Got a step log file to send to results service.
[2024-06-17 14:38:30Z INFO JobServerQueue] Starting upload of step log file to results service ResultsLog, D:\Ynov\23-24\CI-CD\TP_github_runner\actions-runner\_diag\blocks\8fbc81ad-7968-4297-beca-77a18d0562d4_df664e4f-7a3d-52d0-31f1-e619cb957574.1
[2024-06-17 14:38:30Z INFO JobServerQueue] Got a step log file to send to results service.
[2024-06-17 14:38:30Z INFO JobServerQueue] Starting upload of step log file to results service ResultsLog, D:\Ynov\23-24\CI-CD\TP_github_runner\actions-runner\_diag\blocks\8fbc81ad-7968-4297-beca-77a18d0562d4_e6c16f02-d144-4e06-819f-bd3dd66edaa0.1
[2024-06-17 14:38:30Z INFO JobServerQueue] Got a job log file to send to results service.
[2024-06-17 14:38:30Z INFO JobServerQueue] Starting upload of job log file to results service ResultsLog, D:\Ynov\23-24\CI-CD\TP_github_runner\actions-runner\_diag\blocks\8fbc81ad-7968-4297-beca-77a18d0562d4_be3eeb22-584a-5ee4-236b-1a042e19f0eb.1
[2024-06-17 14:38:31Z INFO JobServerQueue] Tried to upload 3 file(s) to results, success rate: 3/3.
[2024-06-17 14:38:31Z INFO JobServerQueue] Results upload queue drained.
[2024-06-17 14:38:31Z INFO JobServerQueue] Timeline update queue drained.
[2024-06-17 14:38:31Z INFO JobServerQueue] Disposing job server ...
[2024-06-17 14:38:31Z INFO JobServerQueue] Disposing results server ...
[2024-06-17 14:38:31Z INFO JobServerQueue] All queue process tasks have been stopped, and all queues are drained.
[2024-06-17 14:38:31Z INFO JobServerQueue] Actions upload time: 1115 ms, Result upload time: 1952 ms
[2024-06-17 14:38:31Z INFO TempDirectoryManager] Cleaning runner temp folder: D:\Ynov\23-24\CI-CD\TP_github_runner\actions-runner\_work\_temp
[2024-06-17 14:38:31Z INFO HostContext] Well known directory 'Bin': 'D:\Ynov\23-24\CI-CD\TP_github_runner\actions-runner\bin'
[2024-06-17 14:38:31Z INFO HostContext] Well known directory 'Root': 'D:\Ynov\23-24\CI-CD\TP_github_runner\actions-runner'
[2024-06-17 14:38:31Z INFO HostContext] Well known directory 'Diag': 'D:\Ynov\23-24\CI-CD\TP_github_runner\actions-runner\_diag'
[2024-06-17 14:38:31Z INFO HostContext] Well known config file 'Telemetry': 'D:\Ynov\23-24\CI-CD\TP_github_runner\actions-runner\_diag\.telemetry'
[2024-06-17 14:38:31Z INFO JobRunner] Raising job completed event
[2024-06-17 14:38:31Z INFO Worker] Job completed.
